This file contains any messages produced by compilers while
running configure, to aid debugging if configure makes a mistake.

It was created by libX11 configure 1.6.4, which was
generated by GNU Autoconf 2.69.  Invocation command line was

  $ ../configure --build=x86_64-linux-gnu --prefix=/usr --includedir=${prefix}/include --mandir=${prefix}/share/man --infodir=${prefix}/share/info --sysconfdir=/etc --localstatedir=/var --disable-silent-rules --libdir=${prefix}/lib/x86_64-linux-gnu --libexecdir=${prefix}/lib/x86_64-linux-gnu --disable-maintainer-mode --disable-dependency-tracking --enable-specs --with-xmlto --without-fop

## --------- ##
## Platform. ##
## --------- ##

hostname = svn
uname -m = x86_64
uname -r = 5.3.0-52-generic
uname -s = Linux
uname -v = #46~18.04.1-Ubuntu SMP Thu Apr 30 16:13:51 UTC 2020

/usr/bin/uname -p = unknown
/bin/uname -X     = unknown

/bin/arch              = unknown
/usr/bin/arch -k       = unknown
/usr/convex/getsysinfo = unknown
/usr/bin/hostinfo      = unknown
/bin/machine           = unknown
/usr/bin/oslevel       = unknown
/bin/universe          = unknown

PATH: /usr/local/sbin
PATH: /usr/local/bin
PATH: /usr/sbin
PATH: /usr/bin
PATH: /sbin
PATH: /bin
PATH: /snap/bin


## ----------- ##
## Core tests. ##
## ----------- ##

configure:2676: checking build system type
configure:2690: result: x86_64-pc-linux-gnu
configure:2710: checking host system type
configure:2723: result: x86_64-pc-linux-gnu
configure:2797: checking for gcc
configure:2813: found /usr/bin/gcc
configure:2824: result: gcc
configure:3053: checking for C compiler version
configure:3062: gcc --version >&5
gcc (Ubuntu 7.5.0-3ubuntu1~18.04) 7.5.0
Copyright (C) 2017 Free Software Foundation, Inc.
This is free software; see the source for copying conditions.  There is NO
warranty; not even for MERCHANTABILITY or FITNESS FOR A PARTICULAR PURPOSE.

configure:3073: $? = 0
configure:3062: gcc -v >&5
Using built-in specs.
COLLECT_GCC=gcc
COLLECT_LTO_WRAPPER=/usr/lib/gcc/x86_64-linux-gnu/7/lto-wrapper
OFFLOAD_TARGET_NAMES=nvptx-none
OFFLOAD_TARGET_DEFAULT=1
Target: x86_64-linux-gnu
Configured with: ../src/configure -v --with-pkgversion='Ubuntu 7.5.0-3ubuntu1~18.04' --with-bugurl=file:///usr/share/doc/gcc-7/README.Bugs --enable-languages=c,ada,c++,go,brig,d,fortran,objc,obj-c++ --prefix=/usr --with-gcc-major-version-only --program-suffix=-7 --program-prefix=x86_64-linux-gnu- --enable-shared --enable-linker-build-id --libexecdir=/usr/lib --without-included-gettext --enable-threads=posix --libdir=/usr/lib --enable-nls --enable-bootstrap --enable-clocale=gnu --enable-libstdcxx-debug --enable-libstdcxx-time=yes --with-default-libstdcxx-abi=new --enable-gnu-unique-object --disable-vtable-verify --enable-libmpx --enable-plugin --enable-default-pie --with-system-zlib --with-target-system-zlib --enable-objc-gc=auto --enable-multiarch --disable-werror --with-arch-32=i686 --with-abi=m64 --with-multilib-list=m32,m64,mx32 --enable-multilib --with-tune=generic --enable-offload-targets=nvptx-none --without-cuda-driver --enable-checking=release --build=x86_64-linux-gnu --host=x86_64-linux-gnu --target=x86_64-linux-gnu
Thread model: posix
gcc version 7.5.0 (Ubuntu 7.5.0-3ubuntu1~18.04) 
configure:3073: $? = 0
configure:3062: gcc -V >&5
gcc: error: unrecognized command line option '-V'
gcc: fatal error: no input files
compilation terminated.
configure:3073: $? = 1
configure:3062: gcc -qversion >&5
gcc: error: unrecognized command line option '-qversion'; did you mean '--version'?
gcc: fatal error: no input files
compilation terminated.
configure:3073: $? = 1
configure:3093: checking whether the C compiler works
configure:3115: gcc -g -O2 -fdebug-prefix-map=/apps/arm/temp/libx11-1.6.4=. -fstack-protector-strong -Wformat -Werror=format-security -Wdate-time -D_FORTIFY_SOURCE=2 -Wl,-Bsymbolic-functions -Wl,-z,relro conftest.c  >&5
configure:3119: $? = 0
configure:3167: result: yes
configure:3170: checking for C compiler default output file name
configure:3172: result: a.out
configure:3178: checking for suffix of executables
configure:3185: gcc -o conftest -g -O2 -fdebug-prefix-map=/apps/arm/temp/libx11-1.6.4=. -fstack-protector-strong -Wformat -Werror=format-security -Wdate-time -D_FORTIFY_SOURCE=2 -Wl,-Bsymbolic-functions -Wl,-z,relro conftest.c  >&5
configure:3189: $? = 0
configure:3211: result: 
configure:3233: checking whether we are cross compiling
configure:3241: gcc -o conftest -g -O2 -fdebug-prefix-map=/apps/arm/temp/libx11-1.6.4=. -fstack-protector-strong -Wformat -Werror=format-security -Wdate-time -D_FORTIFY_SOURCE=2 -Wl,-Bsymbolic-functions -Wl,-z,relro conftest.c  >&5
configure:3245: $? = 0
configure:3252: ./conftest
configure:3256: $? = 0
configure:3271: result: no
configure:3276: checking for suffix of object files
configure:3298: gcc -c -g -O2 -fdebug-prefix-map=/apps/arm/temp/libx11-1.6.4=. -fstack-protector-strong -Wformat -Werror=format-security -Wdate-time -D_FORTIFY_SOURCE=2 conftest.c >&5
configure:3302: $? = 0
configure:3323: result: o
configure:3327: checking whether we are using the GNU C compiler
configure:3346: gcc -c -g -O2 -fdebug-prefix-map=/apps/arm/temp/libx11-1.6.4=. -fstack-protector-strong -Wformat -Werror=format-security -Wdate-time -D_FORTIFY_SOURCE=2 conftest.c >&5
configure:3346: $? = 0
configure:3355: result: yes
configure:3364: checking whether gcc accepts -g
configure:3384: gcc -c -g -Wdate-time -D_FORTIFY_SOURCE=2 conftest.c >&5
configure:3384: $? = 0
configure:3425: result: yes
configure:3442: checking for gcc option to accept ISO C89
configure:3505: gcc  -c -g -O2 -fdebug-prefix-map=/apps/arm/temp/libx11-1.6.4=. -fstack-protector-strong -Wformat -Werror=format-security -Wdate-time -D_FORTIFY_SOURCE=2 conftest.c >&5
configure:3505: $? = 0
configure:3518: result: none needed
configure:3543: checking whether gcc understands -c and -o together
configure:3565: gcc -c conftest.c -o conftest2.o
configure:3568: $? = 0
configure:3565: gcc -c conftest.c -o conftest2.o
configure:3568: $? = 0
configure:3580: result: yes
configure:3603: checking how to run the C preprocessor
configure:3634: gcc -E -Wdate-time -D_FORTIFY_SOURCE=2 conftest.c
configure:3634: $? = 0
configure:3648: gcc -E -Wdate-time -D_FORTIFY_SOURCE=2 conftest.c
conftest.c:9:10: fatal error: ac_nonexistent.h: No such file or directory
 #include <ac_nonexistent.h>
          ^~~~~~~~~~~~~~~~~~
compilation terminated.
configure:3648: $? = 1
configure: failed program was:
| /* confdefs.h */
| #define PACKAGE_NAME "libX11"
| #define PACKAGE_TARNAME "libX11"
| #define PACKAGE_VERSION "1.6.4"
| #define PACKAGE_STRING "libX11 1.6.4"
| #define PACKAGE_BUGREPORT "https://bugs.freedesktop.org/enter_bug.cgi?product=xorg"
| #define PACKAGE_URL ""
| /* end confdefs.h.  */
| #include <ac_nonexistent.h>
configure:3673: result: gcc -E
configure:3693: gcc -E -Wdate-time -D_FORTIFY_SOURCE=2 conftest.c
configure:3693: $? = 0
configure:3707: gcc -E -Wdate-time -D_FORTIFY_SOURCE=2 conftest.c
conftest.c:9:10: fatal error: ac_nonexistent.h: No such file or directory
 #include <ac_nonexistent.h>
          ^~~~~~~~~~~~~~~~~~
compilation terminated.
configure:3707: $? = 1
configure: failed program was:
| /* confdefs.h */
| #define PACKAGE_NAME "libX11"
| #define PACKAGE_TARNAME "libX11"
| #define PACKAGE_VERSION "1.6.4"
| #define PACKAGE_STRING "libX11 1.6.4"
| #define PACKAGE_BUGREPORT "https://bugs.freedesktop.org/enter_bug.cgi?product=xorg"
| #define PACKAGE_URL ""
| /* end confdefs.h.  */
| #include <ac_nonexistent.h>
configure:3736: checking for grep that handles long lines and -e
configure:3794: result: /bin/grep
configure:3799: checking for egrep
configure:3861: result: /bin/grep -E
configure:3866: checking for ANSI C header files
configure:3886: gcc -c -g -O2 -fdebug-prefix-map=/apps/arm/temp/libx11-1.6.4=. -fstack-protector-strong -Wformat -Werror=format-security -Wdate-time -D_FORTIFY_SOURCE=2 conftest.c >&5
configure:3886: $? = 0
configure:3959: gcc -o conftest -g -O2 -fdebug-prefix-map=/apps/arm/temp/libx11-1.6.4=. -fstack-protector-strong -Wformat -Werror=format-security -Wdate-time -D_FORTIFY_SOURCE=2 -Wl,-Bsymbolic-functions -Wl,-z,relro conftest.c  >&5
configure:3959: $? = 0
configure:3959: ./conftest
configure:3959: $? = 0
configure:3970: result: yes
configure:3983: checking for sys/types.h
configure:3983: gcc -c -g -O2 -fdebug-prefix-map=/apps/arm/temp/libx11-1.6.4=. -fstack-protector-strong -Wformat -Werror=format-security -Wdate-time -D_FORTIFY_SOURCE=2 conftest.c >&5
configure:3983: $? = 0
configure:3983: result: yes
configure:3983: checking for sys/stat.h
configure:3983: gcc -c -g -O2 -fdebug-prefix-map=/apps/arm/temp/libx11-1.6.4=. -fstack-protector-strong -Wformat -Werror=format-security -Wdate-time -D_FORTIFY_SOURCE=2 conftest.c >&5
configure:3983: $? = 0
configure:3983: result: yes
configure:3983: checking for stdlib.h
configure:3983: gcc -c -g -O2 -fdebug-prefix-map=/apps/arm/temp/libx11-1.6.4=. -fstack-protector-strong -Wformat -Werror=format-security -Wdate-time -D_FORTIFY_SOURCE=2 conftest.c >&5
configure:3983: $? = 0
configure:3983: result: yes
configure:3983: checking for string.h
configure:3983: gcc -c -g -O2 -fdebug-prefix-map=/apps/arm/temp/libx11-1.6.4=. -fstack-protector-strong -Wformat -Werror=format-security -Wdate-time -D_FORTIFY_SOURCE=2 conftest.c >&5
configure:3983: $? = 0
configure:3983: result: yes
configure:3983: checking for memory.h
configure:3983: gcc -c -g -O2 -fdebug-prefix-map=/apps/arm/temp/libx11-1.6.4=. -fstack-protector-strong -Wformat -Werror=format-security -Wdate-time -D_FORTIFY_SOURCE=2 conftest.c >&5
configure:3983: $? = 0
configure:3983: result: yes
configure:3983: checking for strings.h
configure:3983: gcc -c -g -O2 -fdebug-prefix-map=/apps/arm/temp/libx11-1.6.4=. -fstack-protector-strong -Wformat -Werror=format-security -Wdate-time -D_FORTIFY_SOURCE=2 conftest.c >&5
configure:3983: $? = 0
configure:3983: result: yes
configure:3983: checking for inttypes.h
configure:3983: gcc -c -g -O2 -fdebug-prefix-map=/apps/arm/temp/libx11-1.6.4=. -fstack-protector-strong -Wformat -Werror=format-security -Wdate-time -D_FORTIFY_SOURCE=2 conftest.c >&5
configure:3983: $? = 0
configure:3983: result: yes
configure:3983: checking for stdint.h
configure:3983: gcc -c -g -O2 -fdebug-prefix-map=/apps/arm/temp/libx11-1.6.4=. -fstack-protector-strong -Wformat -Werror=format-security -Wdate-time -D_FORTIFY_SOURCE=2 conftest.c >&5
configure:3983: $? = 0
configure:3983: result: yes
configure:3983: checking for unistd.h
configure:3983: gcc -c -g -O2 -fdebug-prefix-map=/apps/arm/temp/libx11-1.6.4=. -fstack-protector-strong -Wformat -Werror=format-security -Wdate-time -D_FORTIFY_SOURCE=2 conftest.c >&5
configure:3983: $? = 0
configure:3983: result: yes
configure:3996: checking minix/config.h usability
configure:3996: gcc -c -g -O2 -fdebug-prefix-map=/apps/arm/temp/libx11-1.6.4=. -fstack-protector-strong -Wformat -Werror=format-security -Wdate-time -D_FORTIFY_SOURCE=2 conftest.c >&5
conftest.c:52:10: fatal error: minix/config.h: No such file or directory
 #include <minix/config.h>
          ^~~~~~~~~~~~~~~~
compilation terminated.
configure:3996: $? = 1
configure: failed program was:
| /* confdefs.h */
| #define PACKAGE_NAME "libX11"
| #define PACKAGE_TARNAME "libX11"
| #define PACKAGE_VERSION "1.6.4"
| #define PACKAGE_STRING "libX11 1.6.4"
| #define PACKAGE_BUGREPORT "https://bugs.freedesktop.org/enter_bug.cgi?product=xorg"
| #define PACKAGE_URL ""
| #define STDC_HEADERS 1
| #define HAVE_SYS_TYPES_H 1
| #define HAVE_SYS_STAT_H 1
| #define HAVE_STDLIB_H 1
| #define HAVE_STRING_H 1
| #define HAVE_MEMORY_H 1
| #define HAVE_STRINGS_H 1
| #define HAVE_INTTYPES_H 1
| #define HAVE_STDINT_H 1
| #define HAVE_UNISTD_H 1
| /* end confdefs.h.  */
| #include <stdio.h>
| #ifdef HAVE_SYS_TYPES_H
| # include <sys/types.h>
| #endif
| #ifdef HAVE_SYS_STAT_H
| # include <sys/stat.h>
| #endif
| #ifdef STDC_HEADERS
| # include <stdlib.h>
| # include <stddef.h>
| #else
| # ifdef HAVE_STDLIB_H
| #  include <stdlib.h>
| # endif
| #endif
| #ifdef HAVE_STRING_H
| # if !defined STDC_HEADERS && defined HAVE_MEMORY_H
| #  include <memory.h>
| # endif
| # include <string.h>
| #endif
| #ifdef HAVE_STRINGS_H
| # include <strings.h>
| #endif
| #ifdef HAVE_INTTYPES_H
| # include <inttypes.h>
| #endif
| #ifdef HAVE_STDINT_H
| # include <stdint.h>
| #endif
| #ifdef HAVE_UNISTD_H
| # include <unistd.h>
| #endif
| #include <minix/config.h>
configure:3996: result: no
configure:3996: checking minix/config.h presence
configure:3996: gcc -E -Wdate-time -D_FORTIFY_SOURCE=2 conftest.c
conftest.c:19:10: fatal error: minix/config.h: No such file or directory
 #include <minix/config.h>
          ^~~~~~~~~~~~~~~~
compilation terminated.
configure:3996: $? = 1
configure: failed program was:
| /* confdefs.h */
| #define PACKAGE_NAME "libX11"
| #define PACKAGE_TARNAME "libX11"
| #define PACKAGE_VERSION "1.6.4"
| #define PACKAGE_STRING "libX11 1.6.4"
| #define PACKAGE_BUGREPORT "https://bugs.freedesktop.org/enter_bug.cgi?product=xorg"
| #define PACKAGE_URL ""
| #define STDC_HEADERS 1
| #define HAVE_SYS_TYPES_H 1
| #define HAVE_SYS_STAT_H 1
| #define HAVE_STDLIB_H 1
| #define HAVE_STRING_H 1
| #define HAVE_MEMORY_H 1
| #define HAVE_STRINGS_H 1
| #define HAVE_INTTYPES_H 1
| #define HAVE_STDINT_H 1
| #define HAVE_UNISTD_H 1
| /* end confdefs.h.  */
| #include <minix/config.h>
configure:3996: result: no
configure:3996: checking for minix/config.h
configure:3996: result: no
configure:4017: checking whether it is safe to define __EXTENSIONS__
configure:4035: gcc -c -g -O2 -fdebug-prefix-map=/apps/arm/temp/libx11-1.6.4=. -fstack-protector-strong -Wformat -Werror=format-security -Wdate-time -D_FORTIFY_SOURCE=2 conftest.c >&5
configure:4035: $? = 0
configure:4042: result: yes
configure:4074: checking for a BSD-compatible install
configure:4142: result: /usr/bin/install -c
configure:4153: checking whether build environment is sane
configure:4208: result: yes
configure:4356: checking for a thread-safe mkdir -p
configure:4395: result: /bin/mkdir -p
configure:4402: checking for gawk
configure:4418: found /usr/bin/gawk
configure:4429: result: gawk
configure:4440: checking whether make sets $(MAKE)
configure:4462: result: yes
configure:4492: checking for style of include used by make
configure:4520: result: GNU
configure:4554: checking whether make supports nested variables
configure:4571: result: yes
configure:4656: checking dependency style of gcc
configure:4767: result: none
configure:4873: checking how to print strings
configure:4900: result: printf
configure:4921: checking for a sed that does not truncate output
configure:4985: result: /bin/sed
configure:5003: checking for fgrep
configure:5065: result: /bin/grep -F
configure:5100: checking for ld used by gcc
configure:5167: result: /usr/bin/ld
configure:5174: checking if the linker (/usr/bin/ld) is GNU ld
configure:5189: result: yes
configure:5201: checking for BSD- or MS-compatible name lister (nm)
configure:5255: result: /usr/bin/nm -B
configure:5385: checking the name lister (/usr/bin/nm -B) interface
configure:5392: gcc -c -g -O2 -fdebug-prefix-map=/apps/arm/temp/libx11-1.6.4=. -fstack-protector-strong -Wformat -Werror=format-security -Wdate-time -D_FORTIFY_SOURCE=2 conftest.c >&5
configure:5395: /usr/bin/nm -B "conftest.o"
configure:5398: output
0000000000000000 B some_variable
configure:5405: result: BSD nm
configure:5408: checking whether ln -s works
configure:5412: result: yes
configure:5420: checking the maximum length of command line arguments
configure:5551: result: 1572864
configure:5599: checking how to convert x86_64-pc-linux-gnu file names to x86_64-pc-linux-gnu format
configure:5639: result: func_convert_file_noop
configure:5646: checking how to convert x86_64-pc-linux-gnu file names to toolchain format
configure:5666: result: func_convert_file_noop
configure:5673: checking for /usr/bin/ld option to reload object files
configure:5680: result: -r
configure:5754: checking for objdump
configure:5770: found /usr/bin/objdump
configure:5781: result: objdump
configure:5813: checking how to recognize dependent libraries
configure:6013: result: pass_all
configure:6098: checking for dlltool
configure:6128: result: no
configure:6158: checking how to associate runtime and link libraries
configure:6185: result: printf %s\n
configure:6245: checking for ar
configure:6261: found /usr/bin/ar
configure:6272: result: ar
configure:6309: checking for archiver @FILE support
configure:6326: gcc -c -g -O2 -fdebug-prefix-map=/apps/arm/temp/libx11-1.6.4=. -fstack-protector-strong -Wformat -Werror=format-security -Wdate-time -D_FORTIFY_SOURCE=2 conftest.c >&5
configure:6326: $? = 0
configure:6329: ar cru libconftest.a @conftest.lst >&5
ar: `u' modifier ignored since `D' is the default (see `U')
configure:6332: $? = 0
configure:6337: ar cru libconftest.a @conftest.lst >&5
ar: `u' modifier ignored since `D' is the default (see `U')
ar: conftest.o: No such file or directory
configure:6340: $? = 1
configure:6352: result: @
configure:6410: checking for strip
configure:6426: found /usr/bin/strip
configure:6437: result: strip
configure:6509: checking for ranlib
configure:6525: found /usr/bin/ranlib
configure:6536: result: ranlib
configure:6638: checking command to parse /usr/bin/nm -B output from gcc object
configure:6791: gcc -c -g -O2 -fdebug-prefix-map=/apps/arm/temp/libx11-1.6.4=. -fstack-protector-strong -Wformat -Werror=format-security -Wdate-time -D_FORTIFY_SOURCE=2 conftest.c >&5
configure:6794: $? = 0
configure:6798: /usr/bin/nm -B conftest.o \| sed -n -e 's/^.*[ ]\([ABCDGIRSTW][ABCDGIRSTW]*\)[ ][ ]*\([_A-Za-z][_A-Za-z0-9]*\)$/\1 \2 \2/p' | sed '/ __gnu_lto/d' \> conftest.nm
configure:6801: $? = 0
configure:6867: gcc -o conftest -g -O2 -fdebug-prefix-map=/apps/arm/temp/libx11-1.6.4=. -fstack-protector-strong -Wformat -Werror=format-security -Wdate-time -D_FORTIFY_SOURCE=2 -Wl,-Bsymbolic-functions -Wl,-z,relro conftest.c conftstm.o >&5
configure:6870: $? = 0
configure:6908: result: ok
configure:6955: checking for sysroot
configure:6985: result: no
configure:6992: checking for a working dd
configure:7030: result: /bin/dd
configure:7034: checking how to truncate binary pipes
configure:7049: result: /bin/dd bs=4096 count=1
configure:7185: gcc -c -g -O2 -fdebug-prefix-map=/apps/arm/temp/libx11-1.6.4=. -fstack-protector-strong -Wformat -Werror=format-security -Wdate-time -D_FORTIFY_SOURCE=2 conftest.c >&5
configure:7188: $? = 0
configure:7378: checking for mt
configure:7394: found /bin/mt
configure:7405: result: mt
configure:7428: checking if mt is a manifest tool
configure:7434: mt '-?'
configure:7442: result: no
configure:8116: checking for dlfcn.h
configure:8116: gcc -c -g -O2 -fdebug-prefix-map=/apps/arm/temp/libx11-1.6.4=. -fstack-protector-strong -Wformat -Werror=format-security -Wdate-time -D_FORTIFY_SOURCE=2 conftest.c >&5
configure:8116: $? = 0
configure:8116: result: yes
configure:8372: checking for objdir
configure:8387: result: .libs
configure:8651: checking if gcc supports -fno-rtti -fno-exceptions
configure:8669: gcc -c -g -O2 -fdebug-prefix-map=/apps/arm/temp/libx11-1.6.4=. -fstack-protector-strong -Wformat -Werror=format-security -Wdate-time -D_FORTIFY_SOURCE=2 -fno-rtti -fno-exceptions conftest.c >&5
cc1: warning: command line option '-fno-rtti' is valid for C++/ObjC++ but not for C
configure:8673: $? = 0
configure:8686: result: no
configure:9044: checking for gcc option to produce PIC
configure:9051: result: -fPIC -DPIC
configure:9059: checking if gcc PIC flag -fPIC -DPIC works
configure:9077: gcc -c -g -O2 -fdebug-prefix-map=/apps/arm/temp/libx11-1.6.4=. -fstack-protector-strong -Wformat -Werror=format-security -Wdate-time -D_FORTIFY_SOURCE=2 -fPIC -DPIC -DPIC conftest.c >&5
configure:9081: $? = 0
configure:9094: result: yes
configure:9123: checking if gcc static flag -static works
configure:9151: result: yes
configure:9166: checking if gcc supports -c -o file.o
configure:9187: gcc -c -g -O2 -fdebug-prefix-map=/apps/arm/temp/libx11-1.6.4=. -fstack-protector-strong -Wformat -Werror=format-security -Wdate-time -D_FORTIFY_SOURCE=2 -o out/conftest2.o conftest.c >&5
configure:9191: $? = 0
configure:9213: result: yes
configure:9221: checking if gcc supports -c -o file.o
configure:9268: result: yes
configure:9301: checking whether the gcc linker (/usr/bin/ld -m elf_x86_64) supports shared libraries
configure:10564: result: yes
configure:10601: checking whether -lc should be explicitly linked in
configure:10609: gcc -c -g -O2 -fdebug-prefix-map=/apps/arm/temp/libx11-1.6.4=. -fstack-protector-strong -Wformat -Werror=format-security -Wdate-time -D_FORTIFY_SOURCE=2 conftest.c >&5
configure:10612: $? = 0
configure:10627: gcc -shared  -fPIC -DPIC conftest.o  -v -Wl,-soname -Wl,conftest -o conftest 2\>\&1 \| /bin/grep  -lc  \>/dev/null 2\>\&1
configure:10630: $? = 0
configure:10644: result: no
configure:10804: checking dynamic linker characteristics
configure:11385: gcc -o conftest -g -O2 -fdebug-prefix-map=/apps/arm/temp/libx11-1.6.4=. -fstack-protector-strong -Wformat -Werror=format-security -Wdate-time -D_FORTIFY_SOURCE=2 -Wl,-Bsymbolic-functions -Wl,-z,relro -Wl,-rpath -Wl,/foo conftest.c  >&5
configure:11385: $? = 0
configure:11634: result: GNU/Linux ld.so
configure:11756: checking how to hardcode library paths into programs
configure:11781: result: immediate
configure:12329: checking whether stripping libraries is possible
configure:12334: result: yes
configure:12369: checking if libtool supports shared libraries
configure:12371: result: yes
configure:12374: checking whether to build shared libraries
configure:12399: result: yes
configure:12402: checking whether to build static libraries
configure:12406: result: yes
configure:12456: checking for gcc option to accept ISO C99
configure:12605: gcc  -c -g -O2 -fdebug-prefix-map=/apps/arm/temp/libx11-1.6.4=. -fstack-protector-strong -Wformat -Werror=format-security -Wdate-time -D_FORTIFY_SOURCE=2 conftest.c >&5
configure:12605: $? = 0
configure:12618: result: none needed
configure:12637: checking whether __clang__ is declared
configure:12637: gcc -c -g -O2 -fdebug-prefix-map=/apps/arm/temp/libx11-1.6.4=. -fstack-protector-strong -Wformat -Werror=format-security -Wdate-time -D_FORTIFY_SOURCE=2 conftest.c >&5
conftest.c: In function 'main':
conftest.c:68:10: error: '__clang__' undeclared (first use in this function); did you mean '__clock_t'?
   (void) __clang__;
          ^~~~~~~~~
          __clock_t
conftest.c:68:10: note: each undeclared identifier is reported only once for each function it appears in
configure:12637: $? = 1
configure: failed program was:
| /* confdefs.h */
| #define PACKAGE_NAME "libX11"
| #define PACKAGE_TARNAME "libX11"
| #define PACKAGE_VERSION "1.6.4"
| #define PACKAGE_STRING "libX11 1.6.4"
| #define PACKAGE_BUGREPORT "https://bugs.freedesktop.org/enter_bug.cgi?product=xorg"
| #define PACKAGE_URL ""
| #define STDC_HEADERS 1
| #define HAVE_SYS_TYPES_H 1
| #define HAVE_SYS_STAT_H 1
| #define HAVE_STDLIB_H 1
| #define HAVE_STRING_H 1
| #define HAVE_MEMORY_H 1
| #define HAVE_STRINGS_H 1
| #define HAVE_INTTYPES_H 1
| #define HAVE_STDINT_H 1
| #define HAVE_UNISTD_H 1
| #define __EXTENSIONS__ 1
| #define _ALL_SOURCE 1
| #define _GNU_SOURCE 1
| #define _POSIX_PTHREAD_SEMANTICS 1
| #define _TANDEM_SOURCE 1
| #define PACKAGE "libX11"
| #define VERSION "1.6.4"
| #define HAVE_DLFCN_H 1
| #define LT_OBJDIR ".libs/"
| /* end confdefs.h.  */
| #include <stdio.h>
| #ifdef HAVE_SYS_TYPES_H
| # include <sys/types.h>
| #endif
| #ifdef HAVE_SYS_STAT_H
| # include <sys/stat.h>
| #endif
| #ifdef STDC_HEADERS
| # include <stdlib.h>
| # include <stddef.h>
| #else
| # ifdef HAVE_STDLIB_H
| #  include <stdlib.h>
| # endif
| #endif
| #ifdef HAVE_STRING_H
| # if !defined STDC_HEADERS && defined HAVE_MEMORY_H
| #  include <memory.h>
| # endif
| # include <string.h>
| #endif
| #ifdef HAVE_STRINGS_H
| # include <strings.h>
| #endif
| #ifdef HAVE_INTTYPES_H
| # include <inttypes.h>
| #endif
| #ifdef HAVE_STDINT_H
| # include <stdint.h>
| #endif
| #ifdef HAVE_UNISTD_H
| # include <unistd.h>
| #endif
| int
| main ()
| {
| #ifndef __clang__
| #ifdef __cplusplus
|   (void) __clang__;
| #else
|   (void) __clang__;
| #endif
| #endif
| 
|   ;
|   return 0;
| }
configure:12637: result: no
configure:12644: checking whether __INTEL_COMPILER is declared
configure:12644: gcc -c -g -O2 -fdebug-prefix-map=/apps/arm/temp/libx11-1.6.4=. -fstack-protector-strong -Wformat -Werror=format-security -Wdate-time -D_FORTIFY_SOURCE=2 conftest.c >&5
conftest.c: In function 'main':
conftest.c:68:10: error: '__INTEL_COMPILER' undeclared (first use in this function); did you mean '__BYTE_ORDER'?
   (void) __INTEL_COMPILER;
          ^~~~~~~~~~~~~~~~
          __BYTE_ORDER
conftest.c:68:10: note: each undeclared identifier is reported only once for each function it appears in
configure:12644: $? = 1
configure: failed program was:
| /* confdefs.h */
| #define PACKAGE_NAME "libX11"
| #define PACKAGE_TARNAME "libX11"
| #define PACKAGE_VERSION "1.6.4"
| #define PACKAGE_STRING "libX11 1.6.4"
| #define PACKAGE_BUGREPORT "https://bugs.freedesktop.org/enter_bug.cgi?product=xorg"
| #define PACKAGE_URL ""
| #define STDC_HEADERS 1
| #define HAVE_SYS_TYPES_H 1
| #define HAVE_SYS_STAT_H 1
| #define HAVE_STDLIB_H 1
| #define HAVE_STRING_H 1
| #define HAVE_MEMORY_H 1
| #define HAVE_STRINGS_H 1
| #define HAVE_INTTYPES_H 1
| #define HAVE_STDINT_H 1
| #define HAVE_UNISTD_H 1
| #define __EXTENSIONS__ 1
| #define _ALL_SOURCE 1
| #define _GNU_SOURCE 1
| #define _POSIX_PTHREAD_SEMANTICS 1
| #define _TANDEM_SOURCE 1
| #define PACKAGE "libX11"
| #define VERSION "1.6.4"
| #define HAVE_DLFCN_H 1
| #define LT_OBJDIR ".libs/"
| /* end confdefs.h.  */
| #include <stdio.h>
| #ifdef HAVE_SYS_TYPES_H
| # include <sys/types.h>
| #endif
| #ifdef HAVE_SYS_STAT_H
| # include <sys/stat.h>
| #endif
| #ifdef STDC_HEADERS
| # include <stdlib.h>
| # include <stddef.h>
| #else
| # ifdef HAVE_STDLIB_H
| #  include <stdlib.h>
| # endif
| #endif
| #ifdef HAVE_STRING_H
| # if !defined STDC_HEADERS && defined HAVE_MEMORY_H
| #  include <memory.h>
| # endif
| # include <string.h>
| #endif
| #ifdef HAVE_STRINGS_H
| # include <strings.h>
| #endif
| #ifdef HAVE_INTTYPES_H
| # include <inttypes.h>
| #endif
| #ifdef HAVE_STDINT_H
| # include <stdint.h>
| #endif
| #ifdef HAVE_UNISTD_H
| # include <unistd.h>
| #endif
| int
| main ()
| {
| #ifndef __INTEL_COMPILER
| #ifdef __cplusplus
|   (void) __INTEL_COMPILER;
| #else
|   (void) __INTEL_COMPILER;
| #endif
| #endif
| 
|   ;
|   return 0;
| }
configure:12644: result: no
configure:12651: checking whether __SUNPRO_C is declared
configure:12651: gcc -c -g -O2 -fdebug-prefix-map=/apps/arm/temp/libx11-1.6.4=. -fstack-protector-strong -Wformat -Werror=format-security -Wdate-time -D_FORTIFY_SOURCE=2 conftest.c >&5
conftest.c: In function 'main':
conftest.c:68:10: error: '__SUNPRO_C' undeclared (first use in this function); did you mean '__INT8_C'?
   (void) __SUNPRO_C;
          ^~~~~~~~~~
          __INT8_C
conftest.c:68:10: note: each undeclared identifier is reported only once for each function it appears in
configure:12651: $? = 1
configure: failed program was:
| /* confdefs.h */
| #define PACKAGE_NAME "libX11"
| #define PACKAGE_TARNAME "libX11"
| #define PACKAGE_VERSION "1.6.4"
| #define PACKAGE_STRING "libX11 1.6.4"
| #define PACKAGE_BUGREPORT "https://bugs.freedesktop.org/enter_bug.cgi?product=xorg"
| #define PACKAGE_URL ""
| #define STDC_HEADERS 1
| #define HAVE_SYS_TYPES_H 1
| #define HAVE_SYS_STAT_H 1
| #define HAVE_STDLIB_H 1
| #define HAVE_STRING_H 1
| #define HAVE_MEMORY_H 1
| #define HAVE_STRINGS_H 1
| #define HAVE_INTTYPES_H 1
| #define HAVE_STDINT_H 1
| #define HAVE_UNISTD_H 1
| #define __EXTENSIONS__ 1
| #define _ALL_SOURCE 1
| #define _GNU_SOURCE 1
| #define _POSIX_PTHREAD_SEMANTICS 1
| #define _TANDEM_SOURCE 1
| #define PACKAGE "libX11"
| #define VERSION "1.6.4"
| #define HAVE_DLFCN_H 1
| #define LT_OBJDIR ".libs/"
| /* end confdefs.h.  */
| #include <stdio.h>
| #ifdef HAVE_SYS_TYPES_H
| # include <sys/types.h>
| #endif
| #ifdef HAVE_SYS_STAT_H
| # include <sys/stat.h>
| #endif
| #ifdef STDC_HEADERS
| # include <stdlib.h>
| # include <stddef.h>
| #else
| # ifdef HAVE_STDLIB_H
| #  include <stdlib.h>
| # endif
| #endif
| #ifdef HAVE_STRING_H
| # if !defined STDC_HEADERS && defined HAVE_MEMORY_H
| #  include <memory.h>
| # endif
| # include <string.h>
| #endif
| #ifdef HAVE_STRINGS_H
| # include <strings.h>
| #endif
| #ifdef HAVE_INTTYPES_H
| # include <inttypes.h>
| #endif
| #ifdef HAVE_STDINT_H
| # include <stdint.h>
| #endif
| #ifdef HAVE_UNISTD_H
| # include <unistd.h>
| #endif
| int
| main ()
| {
| #ifndef __SUNPRO_C
| #ifdef __cplusplus
|   (void) __SUNPRO_C;
| #else
|   (void) __SUNPRO_C;
| #endif
| #endif
| 
|   ;
|   return 0;
| }
configure:12651: result: no
configure:12713: checking for pkg-config
configure:12731: found /usr/bin/pkg-config
configure:12743: result: /usr/bin/pkg-config
configure:12768: checking pkg-config is at least version 0.9.0
configure:12771: result: yes
configure:12820: checking if gcc supports -Werror=unknown-warning-option
configure:12829: gcc -c -g -O2 -fdebug-prefix-map=/apps/arm/temp/libx11-1.6.4=. -fstack-protector-strong -Wformat -Werror=format-security -Werror=unknown-warning-option -Wdate-time -D_FORTIFY_SOURCE=2 conftest.c >&5
cc1: error: -Werror=unknown-warning-option: no option -Wunknown-warning-option
configure:12829: $? = 1
configure: failed program was:
| /* confdefs.h */
| #define PACKAGE_NAME "libX11"
| #define PACKAGE_TARNAME "libX11"
| #define PACKAGE_VERSION "1.6.4"
| #define PACKAGE_STRING "libX11 1.6.4"
| #define PACKAGE_BUGREPORT "https://bugs.freedesktop.org/enter_bug.cgi?product=xorg"
| #define PACKAGE_URL ""
| #define STDC_HEADERS 1
| #define HAVE_SYS_TYPES_H 1
| #define HAVE_SYS_STAT_H 1
| #define HAVE_STDLIB_H 1
| #define HAVE_STRING_H 1
| #define HAVE_MEMORY_H 1
| #define HAVE_STRINGS_H 1
| #define HAVE_INTTYPES_H 1
| #define HAVE_STDINT_H 1
| #define HAVE_UNISTD_H 1
| #define __EXTENSIONS__ 1
| #define _ALL_SOURCE 1
| #define _GNU_SOURCE 1
| #define _POSIX_PTHREAD_SEMANTICS 1
| #define _TANDEM_SOURCE 1
| #define PACKAGE "libX11"
| #define VERSION "1.6.4"
| #define HAVE_DLFCN_H 1
| #define LT_OBJDIR ".libs/"
| /* end confdefs.h.  */
| int i;
configure:12836: result: no
configure:12847: checking if gcc supports -Werror=unused-command-line-argument
configure:12856: gcc -c -g -O2 -fdebug-prefix-map=/apps/arm/temp/libx11-1.6.4=. -fstack-protector-strong -Wformat -Werror=format-security -Werror=unused-command-line-argument -Wdate-time -D_FORTIFY_SOURCE=2 conftest.c >&5
cc1: error: -Werror=unused-command-line-argument: no option -Wunused-command-line-argument
configure:12856: $? = 1
configure: failed program was:
| /* confdefs.h */
| #define PACKAGE_NAME "libX11"
| #define PACKAGE_TARNAME "libX11"
| #define PACKAGE_VERSION "1.6.4"
| #define PACKAGE_STRING "libX11 1.6.4"
| #define PACKAGE_BUGREPORT "https://bugs.freedesktop.org/enter_bug.cgi?product=xorg"
| #define PACKAGE_URL ""
| #define STDC_HEADERS 1
| #define HAVE_SYS_TYPES_H 1
| #define HAVE_SYS_STAT_H 1
| #define HAVE_STDLIB_H 1
| #define HAVE_STRING_H 1
| #define HAVE_MEMORY_H 1
| #define HAVE_STRINGS_H 1
| #define HAVE_INTTYPES_H 1
| #define HAVE_STDINT_H 1
| #define HAVE_UNISTD_H 1
| #define __EXTENSIONS__ 1
| #define _ALL_SOURCE 1
| #define _GNU_SOURCE 1
| #define _POSIX_PTHREAD_SEMANTICS 1
| #define _TANDEM_SOURCE 1
| #define PACKAGE "libX11"
| #define VERSION "1.6.4"
| #define HAVE_DLFCN_H 1
| #define LT_OBJDIR ".libs/"
| /* end confdefs.h.  */
| int i;
configure:12863: result: no
configure:12882: checking if gcc supports -Wall
configure:12899: gcc -o conftest -g -O2 -fdebug-prefix-map=/apps/arm/temp/libx11-1.6.4=. -fstack-protector-strong -Wformat -Werror=format-security -Wall -Wdate-time -D_FORTIFY_SOURCE=2 -Wl,-Bsymbolic-functions -Wl,-z,relro conftest.c  >&5
configure:12899: $? = 0
configure:12912: result: yes
configure:13000: checking if gcc supports -Wpointer-arith
configure:13017: gcc -o conftest -g -O2 -fdebug-prefix-map=/apps/arm/temp/libx11-1.6.4=. -fstack-protector-strong -Wformat -Werror=format-security -Wpointer-arith -Wdate-time -D_FORTIFY_SOURCE=2 -Wl,-Bsymbolic-functions -Wl,-z,relro conftest.c  >&5
configure:13017: $? = 0
configure:13030: result: yes
configure:13118: checking if gcc supports -Wmissing-declarations
configure:13135: gcc -o conftest -g -O2 -fdebug-prefix-map=/apps/arm/temp/libx11-1.6.4=. -fstack-protector-strong -Wformat -Werror=format-security -Wmissing-declarations -Wdate-time -D_FORTIFY_SOURCE=2 -Wl,-Bsymbolic-functions -Wl,-z,relro conftest.c  >&5
configure:13135: $? = 0
configure:13148: result: yes
configure:13236: checking if gcc supports -Wformat=2
configure:13253: gcc -o conftest -g -O2 -fdebug-prefix-map=/apps/arm/temp/libx11-1.6.4=. -fstack-protector-strong -Wformat -Werror=format-security -Wformat=2 -Wdate-time -D_FORTIFY_SOURCE=2 -Wl,-Bsymbolic-functions -Wl,-z,relro conftest.c  >&5
configure:13253: $? = 0
configure:13266: result: yes
configure:13405: checking if gcc supports -Wstrict-prototypes
configure:13422: gcc -o conftest -g -O2 -fdebug-prefix-map=/apps/arm/temp/libx11-1.6.4=. -fstack-protector-strong -Wformat -Werror=format-security -Wstrict-prototypes -Wdate-time -D_FORTIFY_SOURCE=2 -Wl,-Bsymbolic-functions -Wl,-z,relro conftest.c  >&5
conftest.c:30:1: warning: function declaration isn't a prototype [-Wstrict-prototypes]
 main ()
 ^~~~
configure:13422: $? = 0
configure:13435: result: yes
configure:13523: checking if gcc supports -Wmissing-prototypes
configure:13540: gcc -o conftest -g -O2 -fdebug-prefix-map=/apps/arm/temp/libx11-1.6.4=. -fstack-protector-strong -Wformat -Werror=format-security -Wmissing-prototypes -Wdate-time -D_FORTIFY_SOURCE=2 -Wl,-Bsymbolic-functions -Wl,-z,relro conftest.c  >&5
configure:13540: $? = 0
configure:13553: result: yes
configure:13641: checking if gcc supports -Wnested-externs
configure:13658: gcc -o conftest -g -O2 -fdebug-prefix-map=/apps/arm/temp/libx11-1.6.4=. -fstack-protector-strong -Wformat -Werror=format-security -Wnested-externs -Wdate-time -D_FORTIFY_SOURCE=2 -Wl,-Bsymbolic-functions -Wl,-z,relro conftest.c  >&5
configure:13658: $? = 0
configure:13671: result: yes
configure:13759: checking if gcc supports -Wbad-function-cast
configure:13776: gcc -o conftest -g -O2 -fdebug-prefix-map=/apps/arm/temp/libx11-1.6.4=. -fstack-protector-strong -Wformat -Werror=format-security -Wbad-function-cast -Wdate-time -D_FORTIFY_SOURCE=2 -Wl,-Bsymbolic-functions -Wl,-z,relro conftest.c  >&5
configure:13776: $? = 0
configure:13789: result: yes
configure:13877: checking if gcc supports -Wold-style-definition
configure:13894: gcc -o conftest -g -O2 -fdebug-prefix-map=/apps/arm/temp/libx11-1.6.4=. -fstack-protector-strong -Wformat -Werror=format-security -Wold-style-definition -Wdate-time -D_FORTIFY_SOURCE=2 -Wl,-Bsymbolic-functions -Wl,-z,relro conftest.c  >&5
conftest.c: In function 'main':
conftest.c:30:1: warning: old-style function definition [-Wold-style-definition]
 main ()
 ^~~~
configure:13894: $? = 0
configure:13907: result: yes
configure:14044: checking if gcc supports -Wdeclaration-after-statement
configure:14061: gcc -o conftest -g -O2 -fdebug-prefix-map=/apps/arm/temp/libx11-1.6.4=. -fstack-protector-strong -Wformat -Werror=format-security -Wdeclaration-after-statement -Wdate-time -D_FORTIFY_SOURCE=2 -Wl,-Bsymbolic-functions -Wl,-z,relro conftest.c  >&5
configure:14061: $? = 0
configure:14074: result: yes
configure:14166: checking if gcc supports -Wunused
configure:14183: gcc -o conftest -g -O2 -fdebug-prefix-map=/apps/arm/temp/libx11-1.6.4=. -fstack-protector-strong -Wformat -Werror=format-security -Wunused -Wdate-time -D_FORTIFY_SOURCE=2 -Wl,-Bsymbolic-functions -Wl,-z,relro conftest.c  >&5
configure:14183: $? = 0
configure:14196: result: yes
configure:14284: checking if gcc supports -Wuninitialized
configure:14301: gcc -o conftest -g -O2 -fdebug-prefix-map=/apps/arm/temp/libx11-1.6.4=. -fstack-protector-strong -Wformat -Werror=format-security -Wuninitialized -Wdate-time -D_FORTIFY_SOURCE=2 -Wl,-Bsymbolic-functions -Wl,-z,relro conftest.c  >&5
configure:14301: $? = 0
configure:14314: result: yes
configure:14402: checking if gcc supports -Wshadow
configure:14419: gcc -o conftest -g -O2 -fdebug-prefix-map=/apps/arm/temp/libx11-1.6.4=. -fstack-protector-strong -Wformat -Werror=format-security -Wshadow -Wdate-time -D_FORTIFY_SOURCE=2 -Wl,-Bsymbolic-functions -Wl,-z,relro conftest.c  >&5
configure:14419: $? = 0
configure:14432: result: yes
configure:14520: checking if gcc supports -Wmissing-noreturn
configure:14537: gcc -o conftest -g -O2 -fdebug-prefix-map=/apps/arm/temp/libx11-1.6.4=. -fstack-protector-strong -Wformat -Werror=format-security -Wmissing-noreturn -Wdate-time -D_FORTIFY_SOURCE=2 -Wl,-Bsymbolic-functions -Wl,-z,relro conftest.c  >&5
configure:14537: $? = 0
configure:14550: result: yes
configure:14638: checking if gcc supports -Wmissing-format-attribute
configure:14655: gcc -o conftest -g -O2 -fdebug-prefix-map=/apps/arm/temp/libx11-1.6.4=. -fstack-protector-strong -Wformat -Werror=format-security -Wmissing-format-attribute -Wdate-time -D_FORTIFY_SOURCE=2 -Wl,-Bsymbolic-functions -Wl,-z,relro conftest.c  >&5
configure:14655: $? = 0
configure:14668: result: yes
configure:14756: checking if gcc supports -Wredundant-decls
configure:14773: gcc -o conftest -g -O2 -fdebug-prefix-map=/apps/arm/temp/libx11-1.6.4=. -fstack-protector-strong -Wformat -Werror=format-security -Wredundant-decls -Wdate-time -D_FORTIFY_SOURCE=2 -Wl,-Bsymbolic-functions -Wl,-z,relro conftest.c  >&5
configure:14773: $? = 0
configure:14786: result: yes
configure:14874: checking if gcc supports -Wlogical-op
configure:14891: gcc -o conftest -g -O2 -fdebug-prefix-map=/apps/arm/temp/libx11-1.6.4=. -fstack-protector-strong -Wformat -Werror=format-security -Wlogical-op -Wdate-time -D_FORTIFY_SOURCE=2 -Wl,-Bsymbolic-functions -Wl,-z,relro conftest.c  >&5
configure:14891: $? = 0
configure:14904: result: yes
configure:15004: checking if gcc supports -Werror=implicit
configure:15021: gcc -o conftest -g -O2 -fdebug-prefix-map=/apps/arm/temp/libx11-1.6.4=. -fstack-protector-strong -Wformat -Werror=format-security -Werror=implicit -Wdate-time -D_FORTIFY_SOURCE=2 -Wl,-Bsymbolic-functions -Wl,-z,relro conftest.c  >&5
configure:15021: $? = 0
configure:15034: result: yes
configure:15171: checking if gcc supports -Werror=nonnull
configure:15188: gcc -o conftest -g -O2 -fdebug-prefix-map=/apps/arm/temp/libx11-1.6.4=. -fstack-protector-strong -Wformat -Werror=format-security -Werror=nonnull -Wdate-time -D_FORTIFY_SOURCE=2 -Wl,-Bsymbolic-functions -Wl,-z,relro conftest.c  >&5
configure:15188: $? = 0
configure:15201: result: yes
configure:15289: checking if gcc supports -Werror=init-self
configure:15306: gcc -o conftest -g -O2 -fdebug-prefix-map=/apps/arm/temp/libx11-1.6.4=. -fstack-protector-strong -Wformat -Werror=format-security -Werror=init-self -Wdate-time -D_FORTIFY_SOURCE=2 -Wl,-Bsymbolic-functions -Wl,-z,relro conftest.c  >&5
configure:15306: $? = 0
configure:15319: result: yes
configure:15407: checking if gcc supports -Werror=main
configure:15424: gcc -o conftest -g -O2 -fdebug-prefix-map=/apps/arm/temp/libx11-1.6.4=. -fstack-protector-strong -Wformat -Werror=format-security -Werror=main -Wdate-time -D_FORTIFY_SOURCE=2 -Wl,-Bsymbolic-functions -Wl,-z,relro conftest.c  >&5
configure:15424: $? = 0
configure:15437: result: yes
configure:15525: checking if gcc supports -Werror=missing-braces
configure:15542: gcc -o conftest -g -O2 -fdebug-prefix-map=/apps/arm/temp/libx11-1.6.4=. -fstack-protector-strong -Wformat -Werror=format-security -Werror=missing-braces -Wdate-time -D_FORTIFY_SOURCE=2 -Wl,-Bsymbolic-functions -Wl,-z,relro conftest.c  >&5
configure:15542: $? = 0
configure:15555: result: yes
configure:15643: checking if gcc supports -Werror=sequence-point
configure:15660: gcc -o conftest -g -O2 -fdebug-prefix-map=/apps/arm/temp/libx11-1.6.4=. -fstack-protector-strong -Wformat -Werror=format-security -Werror=sequence-point -Wdate-time -D_FORTIFY_SOURCE=2 -Wl,-Bsymbolic-functions -Wl,-z,relro conftest.c  >&5
configure:15660: $? = 0
configure:15673: result: yes
configure:15761: checking if gcc supports -Werror=return-type
configure:15778: gcc -o conftest -g -O2 -fdebug-prefix-map=/apps/arm/temp/libx11-1.6.4=. -fstack-protector-strong -Wformat -Werror=format-security -Werror=return-type -Wdate-time -D_FORTIFY_SOURCE=2 -Wl,-Bsymbolic-functions -Wl,-z,relro conftest.c  >&5
configure:15778: $? = 0
configure:15791: result: yes
configure:15928: checking if gcc supports -Werror=trigraphs
configure:15945: gcc -o conftest -g -O2 -fdebug-prefix-map=/apps/arm/temp/libx11-1.6.4=. -fstack-protector-strong -Wformat -Werror=format-security -Werror=trigraphs -Wdate-time -D_FORTIFY_SOURCE=2 -Wl,-Bsymbolic-functions -Wl,-z,relro conftest.c  >&5
configure:15945: $? = 0
configure:15958: result: yes
configure:16046: checking if gcc supports -Werror=array-bounds
configure:16063: gcc -o conftest -g -O2 -fdebug-prefix-map=/apps/arm/temp/libx11-1.6.4=. -fstack-protector-strong -Wformat -Werror=format-security -Werror=array-bounds -Wdate-time -D_FORTIFY_SOURCE=2 -Wl,-Bsymbolic-functions -Wl,-z,relro conftest.c  >&5
configure:16063: $? = 0
configure:16076: result: yes
configure:16164: checking if gcc supports -Werror=write-strings
configure:16181: gcc -o conftest -g -O2 -fdebug-prefix-map=/apps/arm/temp/libx11-1.6.4=. -fstack-protector-strong -Wformat -Werror=format-security -Werror=write-strings -Wdate-time -D_FORTIFY_SOURCE=2 -Wl,-Bsymbolic-functions -Wl,-z,relro conftest.c  >&5
configure:16181: $? = 0
configure:16194: result: yes
configure:16282: checking if gcc supports -Werror=address
configure:16299: gcc -o conftest -g -O2 -fdebug-prefix-map=/apps/arm/temp/libx11-1.6.4=. -fstack-protector-strong -Wformat -Werror=format-security -Werror=address -Wdate-time -D_FORTIFY_SOURCE=2 -Wl,-Bsymbolic-functions -Wl,-z,relro conftest.c  >&5
configure:16299: $? = 0
configure:16312: result: yes
configure:16400: checking if gcc supports -Werror=int-to-pointer-cast
configure:16417: gcc -o conftest -g -O2 -fdebug-prefix-map=/apps/arm/temp/libx11-1.6.4=. -fstack-protector-strong -Wformat -Werror=format-security -Werror=int-to-pointer-cast -Wdate-time -D_FORTIFY_SOURCE=2 -Wl,-Bsymbolic-functions -Wl,-z,relro conftest.c  >&5
configure:16417: $? = 0
configure:16430: result: yes
configure:16567: checking if gcc supports -Werror=pointer-to-int-cast
configure:16584: gcc -o conftest -g -O2 -fdebug-prefix-map=/apps/arm/temp/libx11-1.6.4=. -fstack-protector-strong -Wformat -Werror=format-security -Werror=pointer-to-int-cast -Wdate-time -D_FORTIFY_SOURCE=2 -Wl,-Bsymbolic-functions -Wl,-z,relro conftest.c  >&5
configure:16584: $? = 0
configure:16597: result: yes
configure:18255: checking if gcc supports -pedantic
configure:18272: gcc -o conftest -g -O2 -fdebug-prefix-map=/apps/arm/temp/libx11-1.6.4=. -fstack-protector-strong -Wformat -Werror=format-security -pedantic -Wdate-time -D_FORTIFY_SOURCE=2 -Wl,-Bsymbolic-functions -Wl,-z,relro conftest.c  >&5
configure:18272: $? = 0
configure:18285: result: yes
configure:18373: checking if gcc supports -Werror
configure:18390: gcc -o conftest -g -O2 -fdebug-prefix-map=/apps/arm/temp/libx11-1.6.4=. -fstack-protector-strong -Wformat -Werror=format-security -Werror -Wdate-time -D_FORTIFY_SOURCE=2 -Wl,-Bsymbolic-functions -Wl,-z,relro conftest.c  >&5
configure:18390: $? = 0
configure:18403: result: yes
configure:18543: checking if gcc supports -Werror=attributes
configure:18560: gcc -o conftest -g -O2 -fdebug-prefix-map=/apps/arm/temp/libx11-1.6.4=. -fstack-protector-strong -Wformat -Werror=format-security -Werror=attributes -Wdate-time -D_FORTIFY_SOURCE=2 -Wl,-Bsymbolic-functions -Wl,-z,relro conftest.c  >&5
configure:18560: $? = 0
configure:18573: result: yes
configure:18733: checking whether make supports nested variables
configure:18750: result: yes
configure:18780: checking whether to build functional specifications
configure:18782: result: yes
configure:18849: checking for xmlto
configure:18867: found /usr/bin/xmlto
configure:18879: result: /usr/bin/xmlto
configure:18904: checking the xmlto version
configure:18907: result: 0.0.28
configure:19118: checking for xsltproc
configure:19136: found /usr/bin/xsltproc
configure:19148: result: /usr/bin/xsltproc
configure:19228: checking for X.Org SGML entities >= 1.10
configure:19232: $PKG_CONFIG --exists --print-errors "xorg-sgml-doctools >= 1.10"
configure:19235: $? = 0
configure:19246: result: /usr/share/sgml
configure:19273: checking for cpp
configure:19292: found /usr/bin/cpp
configure:19304: result: /usr/bin/cpp
configure:19320: checking if /usr/bin/cpp requires -undef
configure:19332: result: yes
configure:19345: checking if /usr/bin/cpp requires -traditional
configure:19358: result: yes
configure:19386: checking for perl
configure:19404: found /usr/bin/perl
configure:19416: result: /usr/bin/perl
configure:19551: checking for pkg-config
configure:19581: result: /usr/bin/pkg-config
configure:19606: checking pkg-config is at least version 0.9.0
configure:19609: result: yes
configure:19749: checking for pkg-config
configure:19779: result: /usr/bin/pkg-config
configure:19804: checking pkg-config is at least version 0.9.0
configure:19807: result: yes
configure:19841: checking if Xtrans should support UNIX socket connections
configure:19848: result: yes
configure:19857: checking if Xtrans should support TCP socket connections
configure:19859: result: yes
configure:19867: checking for library containing socket
configure:19898: gcc -o conftest -g -O2 -fdebug-prefix-map=/apps/arm/temp/libx11-1.6.4=. -fstack-protector-strong -Wformat -Werror=format-security -Wdate-time -D_FORTIFY_SOURCE=2 -Wl,-Bsymbolic-functions -Wl,-z,relro conftest.c  >&5
configure:19898: $? = 0
configure:19915: result: none required
configure:19923: checking for library containing gethostbyname
configure:19954: gcc -o conftest -g -O2 -fdebug-prefix-map=/apps/arm/temp/libx11-1.6.4=. -fstack-protector-strong -Wformat -Werror=format-security -Wdate-time -D_FORTIFY_SOURCE=2 -Wl,-Bsymbolic-functions -Wl,-z,relro conftest.c  >&5
configure:19954: $? = 0
configure:19971: result: none required
configure:20026: checking for getaddrinfo
configure:20026: gcc -o conftest -g -O2 -fdebug-prefix-map=/apps/arm/temp/libx11-1.6.4=. -fstack-protector-strong -Wformat -Werror=format-security -Wdate-time -D_FORTIFY_SOURCE=2 -Wl,-Bsymbolic-functions -Wl,-z,relro conftest.c  >&5
configure:20026: $? = 0
configure:20026: result: yes
configure:20035: checking if IPv6 support should be built
configure:20042: result: yes
configure:20046: checking for struct sockaddr_in.sin_len
configure:20046: gcc -c -g -O2 -fdebug-prefix-map=/apps/arm/temp/libx11-1.6.4=. -fstack-protector-strong -Wformat -Werror=format-security -Wdate-time -D_FORTIFY_SOURCE=2 conftest.c >&5
conftest.c: In function 'main':
conftest.c:44:13: error: 'struct sockaddr_in' has no member named 'sin_len'; did you mean 'sin_zero'?
 if (ac_aggr.sin_len)
             ^~~~~~~
             sin_zero
configure:20046: $? = 1
configure: failed program was:
| /* confdefs.h */
| #define PACKAGE_NAME "libX11"
| #define PACKAGE_TARNAME "libX11"
| #define PACKAGE_VERSION "1.6.4"
| #define PACKAGE_STRING "libX11 1.6.4"
| #define PACKAGE_BUGREPORT "https://bugs.freedesktop.org/enter_bug.cgi?product=xorg"
| #define PACKAGE_URL ""
| #define STDC_HEADERS 1
| #define HAVE_SYS_TYPES_H 1
| #define HAVE_SYS_STAT_H 1
| #define HAVE_STDLIB_H 1
| #define HAVE_STRING_H 1
| #define HAVE_MEMORY_H 1
| #define HAVE_STRINGS_H 1
| #define HAVE_INTTYPES_H 1
| #define HAVE_STDINT_H 1
| #define HAVE_UNISTD_H 1
| #define __EXTENSIONS__ 1
| #define _ALL_SOURCE 1
| #define _GNU_SOURCE 1
| #define _POSIX_PTHREAD_SEMANTICS 1
| #define _TANDEM_SOURCE 1
| #define PACKAGE "libX11"
| #define VERSION "1.6.4"
| #define HAVE_DLFCN_H 1
| #define LT_OBJDIR ".libs/"
| #define PACKAGE_VERSION_MAJOR 1
| #define PACKAGE_VERSION_MINOR 6
| #define PACKAGE_VERSION_PATCHLEVEL 4
| #define UNIXCONN 1
| #define TCPCONN 1
| #define IPv6 1
| /* end confdefs.h.  */
| 
| #include <sys/types.h>
| #include <sys/socket.h>
| #include <netinet/in.h>
| 
| 
| int
| main ()
| {
| static struct sockaddr_in ac_aggr;
| if (ac_aggr.sin_len)
| return 0;
|   ;
|   return 0;
| }
configure:20046: gcc -c -g -O2 -fdebug-prefix-map=/apps/arm/temp/libx11-1.6.4=. -fstack-protector-strong -Wformat -Werror=format-security -Wdate-time -D_FORTIFY_SOURCE=2 conftest.c >&5
conftest.c: In function 'main':
conftest.c:44:20: error: 'struct sockaddr_in' has no member named 'sin_len'; did you mean 'sin_zero'?
 if (sizeof ac_aggr.sin_len)
                    ^~~~~~~
                    sin_zero
configure:20046: $? = 1
configure: failed program was:
| /* confdefs.h */
| #define PACKAGE_NAME "libX11"
| #define PACKAGE_TARNAME "libX11"
| #define PACKAGE_VERSION "1.6.4"
| #define PACKAGE_STRING "libX11 1.6.4"
| #define PACKAGE_BUGREPORT "https://bugs.freedesktop.org/enter_bug.cgi?product=xorg"
| #define PACKAGE_URL ""
| #define STDC_HEADERS 1
| #define HAVE_SYS_TYPES_H 1
| #define HAVE_SYS_STAT_H 1
| #define HAVE_STDLIB_H 1
| #define HAVE_STRING_H 1
| #define HAVE_MEMORY_H 1
| #define HAVE_STRINGS_H 1
| #define HAVE_INTTYPES_H 1
| #define HAVE_STDINT_H 1
| #define HAVE_UNISTD_H 1
| #define __EXTENSIONS__ 1
| #define _ALL_SOURCE 1
| #define _GNU_SOURCE 1
| #define _POSIX_PTHREAD_SEMANTICS 1
| #define _TANDEM_SOURCE 1
| #define PACKAGE "libX11"
| #define VERSION "1.6.4"
| #define HAVE_DLFCN_H 1
| #define LT_OBJDIR ".libs/"
| #define PACKAGE_VERSION_MAJOR 1
| #define PACKAGE_VERSION_MINOR 6
| #define PACKAGE_VERSION_PATCHLEVEL 4
| #define UNIXCONN 1
| #define TCPCONN 1
| #define IPv6 1
| /* end confdefs.h.  */
| 
| #include <sys/types.h>
| #include <sys/socket.h>
| #include <netinet/in.h>
| 
| 
| int
| main ()
| {
| static struct sockaddr_in ac_aggr;
| if (sizeof ac_aggr.sin_len)
| return 0;
|   ;
|   return 0;
| }
configure:20046: result: no
configure:20060: checking for socklen_t
configure:20060: gcc -c -g -O2 -fdebug-prefix-map=/apps/arm/temp/libx11-1.6.4=. -fstack-protector-strong -Wformat -Werror=format-security -Wdate-time -D_FORTIFY_SOURCE=2 conftest.c >&5
configure:20060: $? = 0
configure:20060: gcc -c -g -O2 -fdebug-prefix-map=/apps/arm/temp/libx11-1.6.4=. -fstack-protector-strong -Wformat -Werror=format-security -Wdate-time -D_FORTIFY_SOURCE=2 conftest.c >&5
conftest.c: In function 'main':
conftest.c:73:24: error: expected expression before ')' token
 if (sizeof ((socklen_t)))
                        ^
configure:20060: $? = 1
configure: failed program was:
| /* confdefs.h */
| #define PACKAGE_NAME "libX11"
| #define PACKAGE_TARNAME "libX11"
| #define PACKAGE_VERSION "1.6.4"
| #define PACKAGE_STRING "libX11 1.6.4"
| #define PACKAGE_BUGREPORT "https://bugs.freedesktop.org/enter_bug.cgi?product=xorg"
| #define PACKAGE_URL ""
| #define STDC_HEADERS 1
| #define HAVE_SYS_TYPES_H 1
| #define HAVE_SYS_STAT_H 1
| #define HAVE_STDLIB_H 1
| #define HAVE_STRING_H 1
| #define HAVE_MEMORY_H 1
| #define HAVE_STRINGS_H 1
| #define HAVE_INTTYPES_H 1
| #define HAVE_STDINT_H 1
| #define HAVE_UNISTD_H 1
| #define __EXTENSIONS__ 1
| #define _ALL_SOURCE 1
| #define _GNU_SOURCE 1
| #define _POSIX_PTHREAD_SEMANTICS 1
| #define _TANDEM_SOURCE 1
| #define PACKAGE "libX11"
| #define VERSION "1.6.4"
| #define HAVE_DLFCN_H 1
| #define LT_OBJDIR ".libs/"
| #define PACKAGE_VERSION_MAJOR 1
| #define PACKAGE_VERSION_MINOR 6
| #define PACKAGE_VERSION_PATCHLEVEL 4
| #define UNIXCONN 1
| #define TCPCONN 1
| #define IPv6 1
| /* end confdefs.h.  */
| 
| #include <stdio.h>
| #ifdef HAVE_SYS_TYPES_H
| # include <sys/types.h>
| #endif
| #ifdef HAVE_SYS_STAT_H
| # include <sys/stat.h>
| #endif
| #ifdef STDC_HEADERS
| # include <stdlib.h>
| # include <stddef.h>
| #else
| # ifdef HAVE_STDLIB_H
| #  include <stdlib.h>
| # endif
| #endif
| #ifdef HAVE_STRING_H
| # if !defined STDC_HEADERS && defined HAVE_MEMORY_H
| #  include <memory.h>
| # endif
| # include <string.h>
| #endif
| #ifdef HAVE_STRINGS_H
| # include <strings.h>
| #endif
| #ifdef HAVE_INTTYPES_H
| # include <inttypes.h>
| #endif
| #ifdef HAVE_STDINT_H
| # include <stdint.h>
| #endif
| #ifdef HAVE_UNISTD_H
| # include <unistd.h>
| #endif
| #include <sys/socket.h>
| 
| int
| main ()
| {
| if (sizeof ((socklen_t)))
| 	    return 0;
|   ;
|   return 0;
| }
configure:20060: result: yes
configure:20076: checking for struct msghdr.msg_control
configure:20076: gcc -c -g -O2 -fdebug-prefix-map=/apps/arm/temp/libx11-1.6.4=. -fstack-protector-strong -Wformat -Werror=format-security -Wdate-time -D_FORTIFY_SOURCE=2 conftest.c >&5
configure:20076: $? = 0
configure:20076: result: yes
configure:20138: checking if Xtrans should support os-specific local connections
configure:20140: result: no
configure:20151: checking if run-time linking is supported
configure:20153: checking for library containing dlopen
configure:20184: gcc -o conftest -g -O2 -fdebug-prefix-map=/apps/arm/temp/libx11-1.6.4=. -fstack-protector-strong -Wformat -Werror=format-security -Wdate-time -D_FORTIFY_SOURCE=2 -Wl,-Bsymbolic-functions -Wl,-z,relro conftest.c  >&5
/tmp/ccujnPcZ.o: In function `main':
./build/conftest.c:46: undefined reference to `dlopen'
collect2: error: ld returned 1 exit status
configure:20184: $? = 1
configure: failed program was:
| /* confdefs.h */
| #define PACKAGE_NAME "libX11"
| #define PACKAGE_TARNAME "libX11"
| #define PACKAGE_VERSION "1.6.4"
| #define PACKAGE_STRING "libX11 1.6.4"
| #define PACKAGE_BUGREPORT "https://bugs.freedesktop.org/enter_bug.cgi?product=xorg"
| #define PACKAGE_URL ""
| #define STDC_HEADERS 1
| #define HAVE_SYS_TYPES_H 1
| #define HAVE_SYS_STAT_H 1
| #define HAVE_STDLIB_H 1
| #define HAVE_STRING_H 1
| #define HAVE_MEMORY_H 1
| #define HAVE_STRINGS_H 1
| #define HAVE_INTTYPES_H 1
| #define HAVE_STDINT_H 1
| #define HAVE_UNISTD_H 1
| #define __EXTENSIONS__ 1
| #define _ALL_SOURCE 1
| #define _GNU_SOURCE 1
| #define _POSIX_PTHREAD_SEMANTICS 1
| #define _TANDEM_SOURCE 1
| #define PACKAGE "libX11"
| #define VERSION "1.6.4"
| #define HAVE_DLFCN_H 1
| #define LT_OBJDIR ".libs/"
| #define PACKAGE_VERSION_MAJOR 1
| #define PACKAGE_VERSION_MINOR 6
| #define PACKAGE_VERSION_PATCHLEVEL 4
| #define UNIXCONN 1
| #define TCPCONN 1
| #define IPv6 1
| #define HAVE_SOCKLEN_T 1
| /* end confdefs.h.  */
| 
| /* Override any GCC internal prototype to avoid an error.
|    Use char because int might match the return type of a GCC
|    builtin and then its argument prototype would still apply.  */
| #ifdef __cplusplus
| extern "C"
| #endif
| char dlopen ();
| int
| main ()
| {
| return dlopen ();
|   ;
|   return 0;
| }
configure:20184: gcc -o conftest -g -O2 -fdebug-prefix-map=/apps/arm/temp/libx11-1.6.4=. -fstack-protector-strong -Wformat -Werror=format-security -Wdate-time -D_FORTIFY_SOURCE=2 -Wl,-Bsymbolic-functions -Wl,-z,relro conftest.c -ldl   >&5
configure:20184: $? = 0
configure:20201: result: -ldl
configure:20289: checking for dlfcn.h
configure:20289: result: yes
configure:20305: result: yes
configure:20308: checking if loadable i18n module support should be enabled
configure:20327: result: no
configure:20339: checking if loadable Xcursor library support should be enabled
configure:20353: result: yes
configure:20359: checking sys/select.h usability
configure:20359: gcc -c -g -O2 -fdebug-prefix-map=/apps/arm/temp/libx11-1.6.4=. -fstack-protector-strong -Wformat -Werror=format-security -Wdate-time -D_FORTIFY_SOURCE=2 conftest.c >&5
configure:20359: $? = 0
configure:20359: result: yes
configure:20359: checking sys/select.h presence
configure:20359: gcc -E -Wdate-time -D_FORTIFY_SOURCE=2 conftest.c
configure:20359: $? = 0
configure:20359: result: yes
configure:20359: checking for sys/select.h
configure:20359: result: yes
configure:20376: checking for strtol
configure:20376: gcc -o conftest -g -O2 -fdebug-prefix-map=/apps/arm/temp/libx11-1.6.4=. -fstack-protector-strong -Wformat -Werror=format-security -Wdate-time -D_FORTIFY_SOURCE=2 -Wl,-Bsymbolic-functions -Wl,-z,relro conftest.c -ldl  >&5
configure:20376: $? = 0
configure:20376: result: yes
configure:20376: checking for seteuid
configure:20376: gcc -o conftest -g -O2 -fdebug-prefix-map=/apps/arm/temp/libx11-1.6.4=. -fstack-protector-strong -Wformat -Werror=format-security -Wdate-time -D_FORTIFY_SOURCE=2 -Wl,-Bsymbolic-functions -Wl,-z,relro conftest.c -ldl  >&5
configure:20376: $? = 0
configure:20376: result: yes
configure:20387: checking whether issetugid is declared
configure:20387: gcc -c -g -O2 -fdebug-prefix-map=/apps/arm/temp/libx11-1.6.4=. -fstack-protector-strong -Wformat -Werror=format-security -Wdate-time -D_FORTIFY_SOURCE=2 conftest.c >&5
conftest.c: In function 'main':
conftest.c:81:10: error: 'issetugid' undeclared (first use in this function); did you mean 'setegid'?
   (void) issetugid;
          ^~~~~~~~~
          setegid
conftest.c:81:10: note: each undeclared identifier is reported only once for each function it appears in
configure:20387: $? = 1
configure: failed program was:
| /* confdefs.h */
| #define PACKAGE_NAME "libX11"
| #define PACKAGE_TARNAME "libX11"
| #define PACKAGE_VERSION "1.6.4"
| #define PACKAGE_STRING "libX11 1.6.4"
| #define PACKAGE_BUGREPORT "https://bugs.freedesktop.org/enter_bug.cgi?product=xorg"
| #define PACKAGE_URL ""
| #define STDC_HEADERS 1
| #define HAVE_SYS_TYPES_H 1
| #define HAVE_SYS_STAT_H 1
| #define HAVE_STDLIB_H 1
| #define HAVE_STRING_H 1
| #define HAVE_MEMORY_H 1
| #define HAVE_STRINGS_H 1
| #define HAVE_INTTYPES_H 1
| #define HAVE_STDINT_H 1
| #define HAVE_UNISTD_H 1
| #define __EXTENSIONS__ 1
| #define _ALL_SOURCE 1
| #define _GNU_SOURCE 1
| #define _POSIX_PTHREAD_SEMANTICS 1
| #define _TANDEM_SOURCE 1
| #define PACKAGE "libX11"
| #define VERSION "1.6.4"
| #define HAVE_DLFCN_H 1
| #define LT_OBJDIR ".libs/"
| #define PACKAGE_VERSION_MAJOR 1
| #define PACKAGE_VERSION_MINOR 6
| #define PACKAGE_VERSION_PATCHLEVEL 4
| #define UNIXCONN 1
| #define TCPCONN 1
| #define IPv6 1
| #define HAVE_SOCKLEN_T 1
| #define HAVE_DLOPEN 1
| #define HAVE_DLFCN_H 1
| #define USE_DYNAMIC_XCURSOR 1
| #define HAVE_SYS_SELECT_H 1
| #define HAVE_STRTOL 1
| #define HAVE_SETEUID 1
| /* end confdefs.h.  */
| #include <stdio.h>
| #ifdef HAVE_SYS_TYPES_H
| # include <sys/types.h>
| #endif
| #ifdef HAVE_SYS_STAT_H
| # include <sys/stat.h>
| #endif
| #ifdef STDC_HEADERS
| # include <stdlib.h>
| # include <stddef.h>
| #else
| # ifdef HAVE_STDLIB_H
| #  include <stdlib.h>
| # endif
| #endif
| #ifdef HAVE_STRING_H
| # if !defined STDC_HEADERS && defined HAVE_MEMORY_H
| #  include <memory.h>
| # endif
| # include <string.h>
| #endif
| #ifdef HAVE_STRINGS_H
| # include <strings.h>
| #endif
| #ifdef HAVE_INTTYPES_H
| # include <inttypes.h>
| #endif
| #ifdef HAVE_STDINT_H
| # include <stdint.h>
| #endif
| #ifdef HAVE_UNISTD_H
| # include <unistd.h>
| #endif
| int
| main ()
| {
| #ifndef issetugid
| #ifdef __cplusplus
|   (void) issetugid;
| #else
|   (void) issetugid;
| #endif
| #endif
| 
|   ;
|   return 0;
| }
configure:20387: result: no
configure:20392: checking for issetugid
configure:20392: gcc -o conftest -g -O2 -fdebug-prefix-map=/apps/arm/temp/libx11-1.6.4=. -fstack-protector-strong -Wformat -Werror=format-security -Wdate-time -D_FORTIFY_SOURCE=2 -Wl,-Bsymbolic-functions -Wl,-z,relro conftest.c -ldl  >&5
/tmp/ccUxDbtm.o: In function `main':
./build/conftest.c:75: undefined reference to `issetugid'
collect2: error: ld returned 1 exit status
configure:20392: $? = 1
configure: failed program was:
| /* confdefs.h */
| #define PACKAGE_NAME "libX11"
| #define PACKAGE_TARNAME "libX11"
| #define PACKAGE_VERSION "1.6.4"
| #define PACKAGE_STRING "libX11 1.6.4"
| #define PACKAGE_BUGREPORT "https://bugs.freedesktop.org/enter_bug.cgi?product=xorg"
| #define PACKAGE_URL ""
| #define STDC_HEADERS 1
| #define HAVE_SYS_TYPES_H 1
| #define HAVE_SYS_STAT_H 1
| #define HAVE_STDLIB_H 1
| #define HAVE_STRING_H 1
| #define HAVE_MEMORY_H 1
| #define HAVE_STRINGS_H 1
| #define HAVE_INTTYPES_H 1
| #define HAVE_STDINT_H 1
| #define HAVE_UNISTD_H 1
| #define __EXTENSIONS__ 1
| #define _ALL_SOURCE 1
| #define _GNU_SOURCE 1
| #define _POSIX_PTHREAD_SEMANTICS 1
| #define _TANDEM_SOURCE 1
| #define PACKAGE "libX11"
| #define VERSION "1.6.4"
| #define HAVE_DLFCN_H 1
| #define LT_OBJDIR ".libs/"
| #define PACKAGE_VERSION_MAJOR 1
| #define PACKAGE_VERSION_MINOR 6
| #define PACKAGE_VERSION_PATCHLEVEL 4
| #define UNIXCONN 1
| #define TCPCONN 1
| #define IPv6 1
| #define HAVE_SOCKLEN_T 1
| #define HAVE_DLOPEN 1
| #define HAVE_DLFCN_H 1
| #define USE_DYNAMIC_XCURSOR 1
| #define HAVE_SYS_SELECT_H 1
| #define HAVE_STRTOL 1
| #define HAVE_SETEUID 1
| /* end confdefs.h.  */
| /* Define issetugid to an innocuous variant, in case <limits.h> declares issetugid.
|    For example, HP-UX 11i <limits.h> declares gettimeofday.  */
| #define issetugid innocuous_issetugid
| 
| /* System header to define __stub macros and hopefully few prototypes,
|     which can conflict with char issetugid (); below.
|     Prefer <limits.h> to <assert.h> if __STDC__ is defined, since
|     <limits.h> exists even on freestanding compilers.  */
| 
| #ifdef __STDC__
| # include <limits.h>
| #else
| # include <assert.h>
| #endif
| 
| #undef issetugid
| 
| /* Override any GCC internal prototype to avoid an error.
|    Use char because int might match the return type of a GCC
|    builtin and then its argument prototype would still apply.  */
| #ifdef __cplusplus
| extern "C"
| #endif
| char issetugid ();
| /* The GNU C library defines this for functions which it implements
|     to always fail with ENOSYS.  Some functions are actually named
|     something starting with __ and the normal name is an alias.  */
| #if defined __stub_issetugid || defined __stub___issetugid
| choke me
| #endif
| 
| int
| main ()
| {
| return issetugid ();
|   ;
|   return 0;
| }
configure:20392: result: no
configure:20403: checking for getresuid
configure:20403: gcc -o conftest -g -O2 -fdebug-prefix-map=/apps/arm/temp/libx11-1.6.4=. -fstack-protector-strong -Wformat -Werror=format-security -Wdate-time -D_FORTIFY_SOURCE=2 -Wl,-Bsymbolic-functions -Wl,-z,relro conftest.c -ldl  >&5
configure:20403: $? = 0
configure:20403: result: yes
configure:20412: checking for shmat
configure:20412: gcc -o conftest -g -O2 -fdebug-prefix-map=/apps/arm/temp/libx11-1.6.4=. -fstack-protector-strong -Wformat -Werror=format-security -Wdate-time -D_FORTIFY_SOURCE=2 -Wl,-Bsymbolic-functions -Wl,-z,relro conftest.c -ldl  >&5
configure:20412: $? = 0
configure:20412: result: yes
configure:20452: checking for launchd
configure:20480: result: no
configure:20507: checking for getpwuid_r in -lc
configure:20532: gcc -o conftest -g -O2 -fdebug-prefix-map=/apps/arm/temp/libx11-1.6.4=. -fstack-protector-strong -Wformat -Werror=format-security -Wdate-time -D_FORTIFY_SOURCE=2 -Wl,-Bsymbolic-functions -Wl,-z,relro conftest.c -lc  -ldl  >&5
configure:20532: $? = 0
configure:20541: result: yes
configure:20566: checking for pthread_self in -lc
configure:20591: gcc -o conftest -g -O2 -fdebug-prefix-map=/apps/arm/temp/libx11-1.6.4=. -fstack-protector-strong -Wformat -Werror=format-security -Wdate-time -D_FORTIFY_SOURCE=2 -Wl,-Bsymbolic-functions -Wl,-z,relro conftest.c -lc  -ldl  >&5
configure:20591: $? = 0
configure:20600: result: yes
configure:20637: checking for poll
configure:20637: gcc -o conftest -g -O2 -fdebug-prefix-map=/apps/arm/temp/libx11-1.6.4=. -fstack-protector-strong -Wformat -Werror=format-security -Wdate-time -D_FORTIFY_SOURCE=2 -Wl,-Bsymbolic-functions -Wl,-z,relro conftest.c -ldl  >&5
configure:20637: $? = 0
configure:20637: result: yes
configure:20648: checking keysym definitions
configure:20671: result:  /usr/include/X11/keysymdef.h /usr/include/X11/XF86keysym.h /usr/include/X11/Sunkeysym.h /usr/include/X11/DECkeysym.h /usr/include/X11/HPkeysym.h
configure:20721: checking if XLOCALEDIR support should be enabled
configure:20735: result: yes
configure:20748: checking for BIGFONT
configure:20755: $PKG_CONFIG --exists --print-errors "xf86bigfontproto >= 1.2.0"
configure:20758: $? = 0
configure:20772: $PKG_CONFIG --exists --print-errors "xf86bigfontproto >= 1.2.0"
configure:20775: $? = 0
configure:20813: result: yes
configure:20854: checking for stdlib.h
configure:20854: result: yes
configure:20854: checking for unistd.h
configure:20854: result: yes
configure:20854: checking for sys/param.h
configure:20854: gcc -c -g -O2 -fdebug-prefix-map=/apps/arm/temp/libx11-1.6.4=. -fstack-protector-strong -Wformat -Werror=format-security -Wdate-time -D_FORTIFY_SOURCE=2 conftest.c >&5
configure:20854: $? = 0
configure:20854: result: yes
configure:20874: checking for getpagesize
configure:20874: gcc -o conftest -g -O2 -fdebug-prefix-map=/apps/arm/temp/libx11-1.6.4=. -fstack-protector-strong -Wformat -Werror=format-security -Wdate-time -D_FORTIFY_SOURCE=2 -Wl,-Bsymbolic-functions -Wl,-z,relro conftest.c -ldl  >&5
configure:20874: $? = 0
configure:20874: result: yes
configure:20883: checking for working mmap
configure:21032: gcc -o conftest -g -O2 -fdebug-prefix-map=/apps/arm/temp/libx11-1.6.4=. -fstack-protector-strong -Wformat -Werror=format-security -Wdate-time -D_FORTIFY_SOURCE=2 -Wl,-Bsymbolic-functions -Wl,-z,relro conftest.c -ldl  >&5
configure:21032: $? = 0
configure:21032: ./conftest
configure:21032: $? = 0
configure:21042: result: yes
configure:21052: checking for nl_langinfo
configure:21052: gcc -o conftest -g -O2 -fdebug-prefix-map=/apps/arm/temp/libx11-1.6.4=. -fstack-protector-strong -Wformat -Werror=format-security -Wdate-time -D_FORTIFY_SOURCE=2 -Wl,-Bsymbolic-functions -Wl,-z,relro conftest.c -ldl  >&5
configure:21052: $? = 0
configure:21052: result: yes
configure:21247: checking for X11
configure:21254: $PKG_CONFIG --exists --print-errors "$X11_REQUIRES"
configure:21257: $? = 0
configure:21271: $PKG_CONFIG --exists --print-errors "$X11_REQUIRES"
configure:21274: $? = 0
configure:21332: result: yes
configure:21475: checking whether malloc(0) returns NULL
configure:21507: gcc -o conftest -g -O2 -fdebug-prefix-map=/apps/arm/temp/libx11-1.6.4=. -fstack-protector-strong -Wformat -Werror=format-security -Wdate-time -D_FORTIFY_SOURCE=2 -Wl,-Bsymbolic-functions -Wl,-z,relro conftest.c -ldl  >&5
configure:21507: $? = 0
configure:21507: ./conftest
configure:21507: $? = 0
configure:21520: result: yes
configure:21649: checking that generated files are newer than configure
configure:21655: result: done
configure:21738: creating ./config.status

## ---------------------- ##
## Running config.status. ##
## ---------------------- ##

This file was extended by libX11 config.status 1.6.4, which was
generated by GNU Autoconf 2.69.  Invocation command line was

  CONFIG_FILES    = 
  CONFIG_HEADERS  = 
  CONFIG_LINKS    = 
  CONFIG_COMMANDS = 
  $ ./config.status 

on svn

config.status:1265: creating Makefile
config.status:1265: creating include/Makefile
config.status:1265: creating man/Makefile
config.status:1265: creating man/xkb/Makefile
config.status:1265: creating src/Makefile
config.status:1265: creating src/util/Makefile
config.status:1265: creating src/xcms/Makefile
config.status:1265: creating src/xlibi18n/Makefile
config.status:1265: creating modules/Makefile
config.status:1265: creating modules/im/Makefile
config.status:1265: creating modules/im/ximcp/Makefile
config.status:1265: creating modules/lc/Makefile
config.status:1265: creating modules/lc/def/Makefile
config.status:1265: creating modules/lc/gen/Makefile
config.status:1265: creating modules/lc/Utf8/Makefile
config.status:1265: creating modules/om/Makefile
config.status:1265: creating modules/om/generic/Makefile
config.status:1265: creating src/xkb/Makefile
config.status:1265: creating nls/Makefile
config.status:1265: creating specs/Makefile
config.status:1265: creating specs/i18n/Makefile
config.status:1265: creating specs/i18n/compose/Makefile
config.status:1265: creating specs/i18n/framework/Makefile
config.status:1265: creating specs/i18n/localedb/Makefile
config.status:1265: creating specs/i18n/trans/Makefile
config.status:1265: creating specs/libX11/Makefile
config.status:1265: creating specs/XIM/Makefile
config.status:1265: creating specs/XKB/Makefile
config.status:1265: creating x11.pc
config.status:1265: creating x11-xcb.pc
config.status:1265: creating src/config.h
config.status:1431: src/config.h is unchanged
config.status:1265: creating include/X11/XlibConf.h
config.status:1431: include/X11/XlibConf.h is unchanged
config.status:1479: executing depfiles commands
config.status:1479: executing libtool commands
configure:23906: WARNING: unrecognized options: --disable-maintainer-mode

## ---------------- ##
## Cache variables. ##
## ---------------- ##

ac_cv_build=x86_64-pc-linux-gnu
ac_cv_c_compiler_gnu=yes
ac_cv_env_BIGFONT_CFLAGS_set=
ac_cv_env_BIGFONT_CFLAGS_value=
ac_cv_env_BIGFONT_LIBS_set=
ac_cv_env_BIGFONT_LIBS_value=
ac_cv_env_CC_set=
ac_cv_env_CC_value=
ac_cv_env_CFLAGS_set=set
ac_cv_env_CFLAGS_value='-g -O2 -fdebug-prefix-map=/apps/arm/temp/libx11-1.6.4=. -fstack-protector-strong -Wformat -Werror=format-security'
ac_cv_env_CPPFLAGS_set=set
ac_cv_env_CPPFLAGS_value='-Wdate-time -D_FORTIFY_SOURCE=2'
ac_cv_env_CPP_set=
ac_cv_env_CPP_value=
ac_cv_env_FOP_set=
ac_cv_env_FOP_value=
ac_cv_env_LDFLAGS_set=set
ac_cv_env_LDFLAGS_value='-Wl,-Bsymbolic-functions -Wl,-z,relro'
ac_cv_env_LIBS_set=
ac_cv_env_LIBS_value=
ac_cv_env_LINT_FLAGS_set=
ac_cv_env_LINT_FLAGS_value=
ac_cv_env_LINT_set=
ac_cv_env_LINT_value=
ac_cv_env_LT_SYS_LIBRARY_PATH_set=
ac_cv_env_LT_SYS_LIBRARY_PATH_value=
ac_cv_env_PERL_set=
ac_cv_env_PERL_value=
ac_cv_env_PKG_CONFIG_LIBDIR_set=
ac_cv_env_PKG_CONFIG_LIBDIR_value=
ac_cv_env_PKG_CONFIG_PATH_set=
ac_cv_env_PKG_CONFIG_PATH_value=
ac_cv_env_PKG_CONFIG_set=
ac_cv_env_PKG_CONFIG_value=
ac_cv_env_X11_CFLAGS_set=
ac_cv_env_X11_CFLAGS_value=
ac_cv_env_X11_LIBS_set=
ac_cv_env_X11_LIBS_value=
ac_cv_env_XMLTO_set=
ac_cv_env_XMLTO_value=
ac_cv_env_XSLTPROC_set=
ac_cv_env_XSLTPROC_value=
ac_cv_env_build_alias_set=set
ac_cv_env_build_alias_value=x86_64-linux-gnu
ac_cv_env_host_alias_set=
ac_cv_env_host_alias_value=
ac_cv_env_target_alias_set=
ac_cv_env_target_alias_value=
ac_cv_func_getaddrinfo=yes
ac_cv_func_getpagesize=yes
ac_cv_func_getresuid=yes
ac_cv_func_issetugid=no
ac_cv_func_mmap_fixed_mapped=yes
ac_cv_func_nl_langinfo=yes
ac_cv_func_poll=yes
ac_cv_func_seteuid=yes
ac_cv_func_shmat=yes
ac_cv_func_strtol=yes
ac_cv_have_decl___INTEL_COMPILER=no
ac_cv_have_decl___SUNPRO_C=no
ac_cv_have_decl___clang__=no
ac_cv_have_decl_issetugid=no
ac_cv_header_dlfcn_h=yes
ac_cv_header_inttypes_h=yes
ac_cv_header_memory_h=yes
ac_cv_header_minix_config_h=no
ac_cv_header_stdc=yes
ac_cv_header_stdint_h=yes
ac_cv_header_stdlib_h=yes
ac_cv_header_string_h=yes
ac_cv_header_strings_h=yes
ac_cv_header_sys_param_h=yes
ac_cv_header_sys_select_h=yes
ac_cv_header_sys_stat_h=yes
ac_cv_header_sys_types_h=yes
ac_cv_header_unistd_h=yes
ac_cv_host=x86_64-pc-linux-gnu
ac_cv_lib_c_getpwuid_r=yes
ac_cv_lib_c_pthread_self=yes
ac_cv_member_struct_msghdr_msg_control=yes
ac_cv_member_struct_sockaddr_in_sin_len=no
ac_cv_objext=o
ac_cv_path_EGREP='/bin/grep -E'
ac_cv_path_FGREP='/bin/grep -F'
ac_cv_path_GREP=/bin/grep
ac_cv_path_PERL=/usr/bin/perl
ac_cv_path_RAWCPP=/usr/bin/cpp
ac_cv_path_SED=/bin/sed
ac_cv_path_XMLTO=/usr/bin/xmlto
ac_cv_path_XSLTPROC=/usr/bin/xsltproc
ac_cv_path_ac_pt_PKG_CONFIG=/usr/bin/pkg-config
ac_cv_path_install='/usr/bin/install -c'
ac_cv_path_lt_DD=/bin/dd
ac_cv_path_mkdir=/bin/mkdir
ac_cv_prog_AWK=gawk
ac_cv_prog_CPP='gcc -E'
ac_cv_prog_LAUNCHD=no
ac_cv_prog_ac_ct_AR=ar
ac_cv_prog_ac_ct_CC=gcc
ac_cv_prog_ac_ct_MANIFEST_TOOL=mt
ac_cv_prog_ac_ct_OBJDUMP=objdump
ac_cv_prog_ac_ct_RANLIB=ranlib
ac_cv_prog_ac_ct_STRIP=strip
ac_cv_prog_cc_c89=
ac_cv_prog_cc_c99=
ac_cv_prog_cc_g=yes
ac_cv_prog_make_make_set=yes
ac_cv_safe_to_define___extensions__=yes
ac_cv_search_dlopen=-ldl
ac_cv_search_gethostbyname='none required'
ac_cv_search_socket='none required'
ac_cv_type_socklen_t=yes
am_cv_CC_dependencies_compiler_type=none
am_cv_make_support_nested_variables=yes
am_cv_prog_cc_c_o=yes
lt_cv_ar_at_file=@
lt_cv_archive_cmds_need_lc=no
lt_cv_deplibs_check_method=pass_all
lt_cv_file_magic_cmd='$MAGIC_CMD'
lt_cv_file_magic_test_file=
lt_cv_ld_reload_flag=-r
lt_cv_nm_interface='BSD nm'
lt_cv_objdir=.libs
lt_cv_path_LD=/usr/bin/ld
lt_cv_path_NM='/usr/bin/nm -B'
lt_cv_path_mainfest_tool=no
lt_cv_prog_compiler_c_o=yes
lt_cv_prog_compiler_pic='-fPIC -DPIC'
lt_cv_prog_compiler_pic_works=yes
lt_cv_prog_compiler_rtti_exceptions=no
lt_cv_prog_compiler_static_works=yes
lt_cv_prog_gnu_ld=yes
lt_cv_sharedlib_from_linklib_cmd='printf %s\n'
lt_cv_shlibpath_overrides_runpath=yes
lt_cv_sys_global_symbol_pipe='sed -n -e '\''s/^.*[	 ]\([ABCDGIRSTW][ABCDGIRSTW]*\)[	 ][	 ]*\([_A-Za-z][_A-Za-z0-9]*\)$/\1 \2 \2/p'\'' | sed '\''/ __gnu_lto/d'\'''
lt_cv_sys_global_symbol_to_c_name_address='sed -n -e '\''s/^: \(.*\) .*$/  {"\1", (void *) 0},/p'\'' -e '\''s/^[ABCDGIRSTW][ABCDGIRSTW]* .* \(.*\)$/  {"\1", (void *) \&\1},/p'\'''
lt_cv_sys_global_symbol_to_c_name_address_lib_prefix='sed -n -e '\''s/^: \(.*\) .*$/  {"\1", (void *) 0},/p'\'' -e '\''s/^[ABCDGIRSTW][ABCDGIRSTW]* .* \(lib.*\)$/  {"\1", (void *) \&\1},/p'\'' -e '\''s/^[ABCDGIRSTW][ABCDGIRSTW]* .* \(.*\)$/  {"lib\1", (void *) \&\1},/p'\'''
lt_cv_sys_global_symbol_to_cdecl='sed -n -e '\''s/^T .* \(.*\)$/extern int \1();/p'\'' -e '\''s/^[ABCDGIRSTW][ABCDGIRSTW]* .* \(.*\)$/extern char \1;/p'\'''
lt_cv_sys_global_symbol_to_import=
lt_cv_sys_max_cmd_len=1572864
lt_cv_to_host_file_cmd=func_convert_file_noop
lt_cv_to_tool_file_cmd=func_convert_file_noop
lt_cv_truncate_bin='/bin/dd bs=4096 count=1'
pkg_cv_BIGFONT_CFLAGS=
pkg_cv_BIGFONT_LIBS=
pkg_cv_X11_CFLAGS='-D_DEFAULT_SOURCE -D_BSD_SOURCE -DHAS_FCHOWN -DHAS_STICKY_DIR_BIT'
pkg_cv_X11_LIBS=-lxcb
xorg_cv_cc_flag__Wall=yes
xorg_cv_cc_flag__Wbad_function_cast=yes
xorg_cv_cc_flag__Wdeclaration_after_statement=yes
xorg_cv_cc_flag__Werror=yes
xorg_cv_cc_flag__Werror_address=yes
xorg_cv_cc_flag__Werror_array_bounds=yes
xorg_cv_cc_flag__Werror_attributes=yes
xorg_cv_cc_flag__Werror_implicit=yes
xorg_cv_cc_flag__Werror_init_self=yes
xorg_cv_cc_flag__Werror_int_to_pointer_cast=yes
xorg_cv_cc_flag__Werror_main=yes
xorg_cv_cc_flag__Werror_missing_braces=yes
xorg_cv_cc_flag__Werror_nonnull=yes
xorg_cv_cc_flag__Werror_pointer_to_int_cast=yes
xorg_cv_cc_flag__Werror_return_type=yes
xorg_cv_cc_flag__Werror_sequence_point=yes
xorg_cv_cc_flag__Werror_trigraphs=yes
xorg_cv_cc_flag__Werror_write_strings=yes
xorg_cv_cc_flag__Wformat_2=yes
xorg_cv_cc_flag__Wlogical_op=yes
xorg_cv_cc_flag__Wmissing_declarations=yes
xorg_cv_cc_flag__Wmissing_format_attribute=yes
xorg_cv_cc_flag__Wmissing_noreturn=yes
xorg_cv_cc_flag__Wmissing_prototypes=yes
xorg_cv_cc_flag__Wnested_externs=yes
xorg_cv_cc_flag__Wold_style_definition=yes
xorg_cv_cc_flag__Wpointer_arith=yes
xorg_cv_cc_flag__Wredundant_decls=yes
xorg_cv_cc_flag__Wshadow=yes
xorg_cv_cc_flag__Wstrict_prototypes=yes
xorg_cv_cc_flag__Wuninitialized=yes
xorg_cv_cc_flag__Wunused=yes
xorg_cv_cc_flag__pedantic=yes
xorg_cv_cc_flag_unknown_warning_option=no
xorg_cv_cc_flag_unused_command_line_argument=no
xorg_cv_malloc0_returns_null=yes

## ----------------- ##
## Output variables. ##
## ----------------- ##

ACLOCAL='${SHELL} /apps/arm/temp/libx11-1.6.4/missing aclocal-1.15'
ADMIN_MAN_DIR='$(mandir)/man$(ADMIN_MAN_SUFFIX)'
ADMIN_MAN_SUFFIX='8'
AMDEPBACKSLASH=''
AMDEP_FALSE=''
AMDEP_TRUE='#'
AMTAR='$${TAR-tar}'
AM_BACKSLASH='\'
AM_DEFAULT_V='$(AM_DEFAULT_VERBOSITY)'
AM_DEFAULT_VERBOSITY='1'
AM_V='$(V)'
APP_MAN_DIR='$(mandir)/man$(APP_MAN_SUFFIX)'
APP_MAN_SUFFIX='1'
AR='ar'
AUTOCONF='${SHELL} /apps/arm/temp/libx11-1.6.4/missing autoconf'
AUTOHEADER='${SHELL} /apps/arm/temp/libx11-1.6.4/missing autoheader'
AUTOMAKE='${SHELL} /apps/arm/temp/libx11-1.6.4/missing automake-1.15'
AWK='gawk'
BASE_CFLAGS=' -Wall -Wpointer-arith -Wmissing-declarations -Wformat=2 -Wstrict-prototypes -Wmissing-prototypes -Wnested-externs -Wbad-function-cast -Wold-style-definition -Wdeclaration-after-statement -Wunused -Wuninitialized -Wshadow -Wmissing-noreturn -Wmissing-format-attribute -Wredundant-decls -Wlogical-op -Werror=implicit -Werror=nonnull -Werror=init-self -Werror=main -Werror=missing-braces -Werror=sequence-point -Werror=return-type -Werror=trigraphs -Werror=array-bounds -Werror=write-strings -Werror=address -Werror=int-to-pointer-cast -Werror=pointer-to-int-cast'
BIGFONT_CFLAGS=''
BIGFONT_LIBS=''
CC='gcc'
CCDEPMODE='depmode=none'
CC_FOR_BUILD='gcc'
CFLAGS='-g -O2 -fdebug-prefix-map=/apps/arm/temp/libx11-1.6.4=. -fstack-protector-strong -Wformat -Werror=format-security'
CFLAGS_FOR_BUILD='-g -O2 -fdebug-prefix-map=/apps/arm/temp/libx11-1.6.4=. -fstack-protector-strong -Wformat -Werror=format-security'
CHANGELOG_CMD='(GIT_DIR=$(top_srcdir)/.git git log > $(top_srcdir)/.changelog.tmp && mv $(top_srcdir)/.changelog.tmp $(top_srcdir)/ChangeLog) || (rm -f $(top_srcdir)/.changelog.tmp; touch $(top_srcdir)/ChangeLog; echo '\''git directory not found: installing possibly empty changelog.'\'' >&2)'
CPP='gcc -E'
CPPFLAGS='-Wdate-time -D_FORTIFY_SOURCE=2'
CPPFLAGS_FOR_BUILD='-Wdate-time -D_FORTIFY_SOURCE=2'
CWARNFLAGS=' -Wall -Wpointer-arith -Wmissing-declarations -Wformat=2 -Wstrict-prototypes -Wmissing-prototypes -Wnested-externs -Wbad-function-cast -Wold-style-definition -Wdeclaration-after-statement -Wunused -Wuninitialized -Wshadow -Wmissing-noreturn -Wmissing-format-attribute -Wredundant-decls -Wlogical-op -Werror=implicit -Werror=nonnull -Werror=init-self -Werror=main -Werror=missing-braces -Werror=sequence-point -Werror=return-type -Werror=trigraphs -Werror=array-bounds -Werror=write-strings -Werror=address -Werror=int-to-pointer-cast -Werror=pointer-to-int-cast -fno-strict-aliasing'
CYGPATH_W='echo'
DEFS='-DHAVE_CONFIG_H'
DEPDIR='.deps'
DLLTOOL='false'
DRIVER_MAN_DIR='$(mandir)/man$(DRIVER_MAN_SUFFIX)'
DRIVER_MAN_SUFFIX='4'
DSYMUTIL=''
DUMPBIN=''
ECHO_C=''
ECHO_N='-n'
ECHO_T=''
EGREP='/bin/grep -E'
ENABLE_SPECS_FALSE='#'
ENABLE_SPECS_TRUE=''
EXEEXT=''
FGREP='/bin/grep -F'
FILE_MAN_DIR='$(mandir)/man$(FILE_MAN_SUFFIX)'
FILE_MAN_SUFFIX='5'
FOP=''
GREP='/bin/grep'
HAVE_FOP_FALSE=''
HAVE_FOP_TRUE='#'
HAVE_PERL_FALSE='#'
HAVE_PERL_TRUE=''
HAVE_STYLESHEETS_FALSE='#'
HAVE_STYLESHEETS_TRUE=''
HAVE_XMLTO_FALSE='#'
HAVE_XMLTO_TEXT_FALSE='#'
HAVE_XMLTO_TEXT_TRUE=''
HAVE_XMLTO_TRUE=''
HAVE_XSLTPROC_FALSE='#'
HAVE_XSLTPROC_TRUE=''
I18N_MODULE_LIBS=''
INSTALL_CMD='(cp -f /usr/share/util-macros/INSTALL $(top_srcdir)/.INSTALL.tmp && mv $(top_srcdir)/.INSTALL.tmp $(top_srcdir)/INSTALL) || (rm -f $(top_srcdir)/.INSTALL.tmp; touch $(top_srcdir)/INSTALL; echo '\''util-macros "pkgdatadir" from xorg-macros.pc not found: installing possibly empty INSTALL.'\'' >&2)'
INSTALL_DATA='${INSTALL} -m 644'
INSTALL_PROGRAM='${INSTALL}'
INSTALL_SCRIPT='${INSTALL}'
INSTALL_STRIP_PROGRAM='$(install_sh) -c -s'
KEYSYMDEFS=' /usr/include/X11/keysymdef.h /usr/include/X11/XF86keysym.h /usr/include/X11/Sunkeysym.h /usr/include/X11/DECkeysym.h /usr/include/X11/HPkeysym.h'
LAUNCHD='no'
LD='/usr/bin/ld -m elf_x86_64'
LDFLAGS='-Wl,-Bsymbolic-functions -Wl,-z,relro'
LDFLAGS_FOR_BUILD='-Wl,-Bsymbolic-functions -Wl,-z,relro'
LIBOBJS=''
LIBS='-ldl '
LIBTOOL='$(SHELL) $(top_builddir)/libtool'
LIB_MAN_DIR='$(mandir)/man$(LIB_MAN_SUFFIX)'
LIB_MAN_SUFFIX='3'
LINT=''
LINTLIB=''
LINT_FALSE=''
LINT_FLAGS='-badflag'
LINT_TRUE='#'
LIPO=''
LN_S='ln -s'
LTLIBOBJS=''
LT_SYS_LIBRARY_PATH=''
MAKEINFO='${SHELL} /apps/arm/temp/libx11-1.6.4/missing makeinfo'
MAKE_LINT_LIB_FALSE=''
MAKE_LINT_LIB_TRUE='#'
MALLOC_ZERO_CFLAGS='-DMALLOC_0_RETURNS_NULL'
MANIFEST_TOOL=':'
MAN_SUBSTS='	-e '\''s|__vendorversion__|"$(PACKAGE_STRING)" "$(XORG_MAN_PAGE)"|'\'' 	-e '\''s|__xorgversion__|"$(PACKAGE_STRING)" "$(XORG_MAN_PAGE)"|'\'' 	-e '\''s|__xservername__|Xorg|g'\'' 	-e '\''s|__xconfigfile__|xorg.conf|g'\'' 	-e '\''s|__projectroot__|$(prefix)|g'\'' 	-e '\''s|__apploaddir__|$(appdefaultdir)|g'\'' 	-e '\''s|__appmansuffix__|$(APP_MAN_SUFFIX)|g'\'' 	-e '\''s|__drivermansuffix__|$(DRIVER_MAN_SUFFIX)|g'\'' 	-e '\''s|__adminmansuffix__|$(ADMIN_MAN_SUFFIX)|g'\'' 	-e '\''s|__libmansuffix__|$(LIB_MAN_SUFFIX)|g'\'' 	-e '\''s|__miscmansuffix__|$(MISC_MAN_SUFFIX)|g'\'' 	-e '\''s|__filemansuffix__|$(FILE_MAN_SUFFIX)|g'\'''
MISC_MAN_DIR='$(mandir)/man$(MISC_MAN_SUFFIX)'
MISC_MAN_SUFFIX='7'
MKDIR_P='/bin/mkdir -p'
NM='/usr/bin/nm -B'
NMEDIT=''
OBJDUMP='objdump'
OBJEXT='o'
OS2_FALSE=''
OS2_TRUE='#'
OTOOL64=''
OTOOL=''
PACKAGE='libX11'
PACKAGE_BUGREPORT='https://bugs.freedesktop.org/enter_bug.cgi?product=xorg'
PACKAGE_NAME='libX11'
PACKAGE_STRING='libX11 1.6.4'
PACKAGE_TARNAME='libX11'
PACKAGE_URL=''
PACKAGE_VERSION='1.6.4'
PATH_SEPARATOR=':'
PERL='/usr/bin/perl'
PKG_CONFIG='/usr/bin/pkg-config'
PKG_CONFIG_LIBDIR=''
PKG_CONFIG_PATH=''
RANLIB='ranlib'
RAWCPP='/usr/bin/cpp'
RAWCPPFLAGS='-undef -traditional'
SED='/bin/sed'
SET_MAKE=''
SHELL='/bin/bash'
STRICT_CFLAGS=' -pedantic -Werror -Werror=attributes'
STRIP='strip'
STYLESHEET_SRCDIR='/usr/share/sgml/X11'
THRSTUBS_FALSE=''
THRSTUBS_TRUE='#'
TRADITIONALCPPFLAGS='-traditional'
VERSION='1.6.4'
WCHAR32='1'
X11_CFLAGS='-D_DEFAULT_SOURCE -D_BSD_SOURCE -DHAS_FCHOWN -DHAS_STICKY_DIR_BIT '
X11_DATADIR='/usr/share/X11'
X11_EXTRA_DEPS='xcb >= 1.11.1'
X11_LIBDIR='/usr/lib/x86_64-linux-gnu/X11'
X11_LIBS='-lxcb'
X11_LOCALEDATADIR='/usr/share/X11/locale'
X11_LOCALEDIR='/usr/share/X11/locale'
X11_LOCALELIBDIR='/usr/lib/x86_64-linux-gnu/X11/locale'
XCMS_FALSE='#'
XCMS_TRUE=''
XERRORDB='/usr/share/X11/XErrorDB'
XKBPROTO_REQUIRES='kbproto'
XKB_FALSE='#'
XKB_TRUE=''
XKEYSYMDB='/usr/share/X11/XKeysymDB'
XLIB_LOADABLE_I18N_FALSE=''
XLIB_LOADABLE_I18N_TRUE='#'
XLOCALEDATADIR='/usr/share/X11/locale'
XLOCALEDIR='/usr/share/X11/locale'
XLOCALELIBDIR='/usr/lib/x86_64-linux-gnu/X11/locale'
XLOCALE_FALSE='#'
XLOCALE_TRUE=''
XMALLOC_ZERO_CFLAGS='-DMALLOC_0_RETURNS_NULL'
XMLTO='/usr/bin/xmlto'
XORG_MAN_PAGE='X Version 11'
XORG_SGML_PATH='/usr/share/sgml'
XSLTPROC='/usr/bin/xsltproc'
XSL_STYLESHEET='/usr/share/sgml/X11/xorg.xsl'
XTHREADLIB='-lpthread'
XTHREAD_CFLAGS=''
XTMALLOC_ZERO_CFLAGS='-DMALLOC_0_RETURNS_NULL -DXTMALLOC_BC'
ac_ct_AR='ar'
ac_ct_CC='gcc'
ac_ct_DUMPBIN=''
am__EXEEXT_FALSE=''
am__EXEEXT_TRUE='#'
am__fastdepCC_FALSE=''
am__fastdepCC_TRUE='#'
am__include='include'
am__isrc=' -I$(srcdir)'
am__leading_dot='.'
am__nodep=''
am__quote=''
am__tar='$${TAR-tar} chof - "$$tardir"'
am__untar='$${TAR-tar} xf -'
bindir='${exec_prefix}/bin'
build='x86_64-pc-linux-gnu'
build_alias='x86_64-linux-gnu'
build_cpu='x86_64'
build_os='linux-gnu'
build_vendor='pc'
datadir='${datarootdir}'
datarootdir='${prefix}/share'
docdir='${datarootdir}/doc/${PACKAGE_TARNAME}'
dvidir='${docdir}'
exec_prefix='${prefix}'
host='x86_64-pc-linux-gnu'
host_alias=''
host_cpu='x86_64'
host_os='linux-gnu'
host_vendor='pc'
htmldir='${docdir}'
includedir='${prefix}/include'
infodir='${prefix}/share/info'
install_sh='${SHELL} /apps/arm/temp/libx11-1.6.4/install-sh'
libdir='${prefix}/lib/x86_64-linux-gnu'
libexecdir='${prefix}/lib/x86_64-linux-gnu'
localedir='${datarootdir}/locale'
locales=' am_ET.UTF-8  armscii-8   C           cs_CZ.UTF-8  el_GR.UTF-8  en_US.UTF-8  fi_FI.UTF-8  georgian-academy        georgian-ps  ibm-cp1133   iscii-dev  isiri-3342   iso8859-1   iso8859-10  iso8859-11   iso8859-13   iso8859-14  iso8859-15   iso8859-2   iso8859-3   iso8859-4    iso8859-5    iso8859-6  iso8859-7    iso8859-8   iso8859-9   iso8859-9e   ja           ja.JIS  ja_JP.UTF-8  ja.SJIS     km_KH.UTF-8 ko           koi8-c       koi8-r  koi8-u       ko_KR.UTF-8 microsoft-cp1251         microsoft-cp1255  microsoft-cp1256         mulelao-1   nokhchi-1    pt_BR.UTF-8  pt_PT.UTF-8  ru_RU.UTF-8  sr_CS.UTF-8 tatar-cyr   th_TH        th_TH.UTF-8  tscii-0  vi_VN.tcvn   vi_VN.viscii            zh_CN        zh_CN.gb18030  zh_CN.gbk    zh_CN.UTF-8 zh_HK.big5  zh_HK.big5hkscs           zh_HK.UTF-8  zh_TW        zh_TW.big5  zh_TW.UTF-8'
localstatedir='/var'
mandir='${prefix}/share/man'
mkdir_p='$(MKDIR_P)'
oldincludedir='/usr/include'
pdfdir='${docdir}'
prefix='/usr'
program_transform_name='s,x,x,'
psdir='${docdir}'
runstatedir='${localstatedir}/run'
sbindir='${exec_prefix}/sbin'
sharedstatedir='${prefix}/com'
sysconfdir='/etc'
target_alias=''

## ----------- ##
## confdefs.h. ##
## ----------- ##

/* confdefs.h */
#define PACKAGE_NAME "libX11"
#define PACKAGE_TARNAME "libX11"
#define PACKAGE_VERSION "1.6.4"
#define PACKAGE_STRING "libX11 1.6.4"
#define PACKAGE_BUGREPORT "https://bugs.freedesktop.org/enter_bug.cgi?product=xorg"
#define PACKAGE_URL ""
#define STDC_HEADERS 1
#define HAVE_SYS_TYPES_H 1
#define HAVE_SYS_STAT_H 1
#define HAVE_STDLIB_H 1
#define HAVE_STRING_H 1
#define HAVE_MEMORY_H 1
#define HAVE_STRINGS_H 1
#define HAVE_INTTYPES_H 1
#define HAVE_STDINT_H 1
#define HAVE_UNISTD_H 1
#define __EXTENSIONS__ 1
#define _ALL_SOURCE 1
#define _GNU_SOURCE 1
#define _POSIX_PTHREAD_SEMANTICS 1
#define _TANDEM_SOURCE 1
#define PACKAGE "libX11"
#define VERSION "1.6.4"
#define HAVE_DLFCN_H 1
#define LT_OBJDIR ".libs/"
#define PACKAGE_VERSION_MAJOR 1
#define PACKAGE_VERSION_MINOR 6
#define PACKAGE_VERSION_PATCHLEVEL 4
#define UNIXCONN 1
#define TCPCONN 1
#define IPv6 1
#define HAVE_SOCKLEN_T 1
#define HAVE_DLOPEN 1
#define HAVE_DLFCN_H 1
#define USE_DYNAMIC_XCURSOR 1
#define HAVE_SYS_SELECT_H 1
#define HAVE_STRTOL 1
#define HAVE_SETEUID 1
#define HASGETRESUID 1
#define HAS_SHM 1
#define XTHREADS 1
#define XUSE_MTSAFE_API 1
#define USE_POLL 1
#define XCMS 1
#define XLOCALE 1
#define XF86BIGFONT 1
#define XKB 1
#define HAVE_STDLIB_H 1
#define HAVE_UNISTD_H 1
#define HAVE_SYS_PARAM_H 1
#define HAVE_GETPAGESIZE 1
#define HAVE_MMAP 1
#define COMPOSECACHE 1
#define X11_DATADIR "/usr/share/X11"
#define X11_LIBDIR "/usr/lib/x86_64-linux-gnu/X11"
#define XLOCALEDATADIR "/usr/share/X11/locale"
#define XLOCALELIBDIR "/usr/lib/x86_64-linux-gnu/X11/locale"
#define XLOCALEDIR "/usr/share/X11/locale"
#define XKEYSYMDB "/usr/share/X11/XKeysymDB"
#define XERRORDB "/usr/share/X11/XErrorDB"

configure: exit 0
